<?xml version="1.0" encoding="UTF-8"?>
<testsuite name="Practica1Coronavirus" tests="3" skipped="0" failures="0" errors="0" timestamp="2020-08-27T06:34:26" hostname="LUIS-LAPTOP" time="6.067">
  <properties/>
  <testcase name="Datos" classname="Practica1Coronavirus" time="3.789"/>
  <testcase name="Datos_Semanales_RegionRusia" classname="Practica1Coronavirus" time="1.159"/>
  <testcase name="Datos_RegionMx_Error" classname="Practica1Coronavirus" time="1.116"/>
  <system-out><![CDATA[Request method:	GET
Request URI:	https://api.quarantine.country/api/v1/summary/latest
Proxy:			<none>
Request params:	<none>
Query params:	<none>
Form params:	<none>
Path params:	<none>
Headers:		Accept=application/json
Cookies:		<none>
Multiparts:		<none>
Body:			<none>
Body Response: {"status":200,"type":"stack","data":{"summary":{"total_cases":24336254,"active_cases":6512379,"deaths":828171,"recovered":16995704,"critical":61651,"tested":398940376,"death_ratio":0.03403034008438604,"recovery_ratio":0.6983697655358133},"change":{"total_cases":277663,"active_cases":42849,"deaths":6674,"recovered":228140,"critical":157,"tested":3399782,"death_ratio":-0.00011534201312332626,"recovery_ratio":0.0014227165585893875},"generated_on":1598475604,"regions":{"usa":{"name":"USA","iso3166a2":"US","iso3166a3":"USA","iso3166numeric":"","total_cases":5990393,"active_cases":2535655,"deaths":183316,"recovered":3271422,"critical":16521,"tested":78492802,"death_ratio":0.030601665032661464,"recovery_ratio":0.546111415394616,"change":{"total_cases":48640,"active_cases":8239,"deaths":1343,"recovered":39058,"death_ratio":-2.4481830057331705e-5,"recovery_ratio":0.002102938435038615}},"brazil":{"name":"Brazil","iso3166a2":"BR","iso3166a3":"BRA","iso3166numeric":"","total_cases":3683224,"active_cases":533709,"deaths":116964,"recovered":3032551,"critical":8318,"tested":14172764,"death_ratio":0.031755874744517305,"recovery_ratio":0.823341453031366,"change":{"total_cases":47057,"active_cases":917,"deaths":1318,"recovered":44822,"death_ratio":-4.8495076780778745e-5,"recovery_ratio":0.0016715462311557294}},"india":{"name":"India","iso3166a2":"IN","iso3166a3":"IND","iso3166numeric":"","total_cases":3307749,"active_cases":723677,"deaths":60629,"recovered":2523443,"critical":8944,"tested":37651512,"death_ratio":0.01832938351731041,"recovery_ratio":0.7628882965424523,"change":{"total_cases":76227,"active_cases":18983,"deaths":1021,"recovered":56223,"death_ratio":-0.00011641384999824464,"recovery_ratio":-0.000597144683075479}},"russia":{"name":"Russia","iso3166a2":"RU","iso3166a3":"RUS","iso3166numeric":"","total_cases":970865,"active_cases":168032,"deaths":16683,"recovered":786150,"critical":2300,"tested":35100000,"death_ratio":0.017183645511991884,"recovery_ratio":0.8097418281635449,"change":{"total_cases":4676,"active_cases":-1842,"deaths":115,"recovered":6403,"death_ratio":3.586179679744561e-5,"recovery_ratio":0.0027082146572847687}},"south_africa":{"name":"South Africa","iso3166a2":"ZA","iso3166a3":"ZAF","iso3166numeric":"","total_cases":615701,"active_cases":76957,"deaths":13502,"recovered":525242,"critical":539,"tested":3598973,"death_ratio":0.021929475508404243,"recovery_ratio":0.8530796604195868,"change":{"total_cases":2684,"active_cases":-2371,"deaths":194,"recovered":4861,"death_ratio":0.00022045275699604516,"recovery_ratio":0.00419455609132191}},"peru":{"name":"Peru","iso3166a2":"PE","iso3166a3":"PER","iso3166numeric":"","total_cases":607382,"active_cases":164804,"deaths":28001,"recovered":414577,"critical":1522,"tested":3032744,"death_ratio":0.046101135693846704,"recovery_ratio":0.6825638560247094,"change":{"total_cases":6944,"active_cases":-520,"deaths":188,"recovered":7276,"death_ratio":-0.00022004984071306855,"recovery_ratio":0.004224044087423606}},"mexico":{"name":"Mexico","iso3166a2":"MX","iso3166a3":"MEX","iso3166numeric":"","total_cases":568621,"active_cases":37965,"deaths":61450,"recovered":469206,"critical":3442,"tested":1278436,"death_ratio":0.10806846739744047,"recovery_ratio":0.8251647406620578,"change":{"total_cases":4916,"active_cases":1269,"deaths":650,"recovered":2997,"death_ratio":0.00021063395619017045,"recovery_ratio":-0.0018795466868214428}},"colombia":{"name":"Colombia","iso3166a2":"CO","iso3166a3":"COL","iso3166numeric":"","total_cases":562128,"active_cases":148769,"deaths":17889,"recovered":395470,"critical":1493,"tested":2546147,"death_ratio":0.0318237127486978,"recovery_ratio":0.7035230410155694,"change":{"total_cases":10432,"active_cases":-1144,"deaths":277,"recovered":11299,"death_ratio":-9.966534358490237e-5,"recovery_ratio":0.007177589897562342}},"spain":{"name":"Spain","iso3166a2":"ES","iso3166a3":"ESP","iso3166numeric":"","total_cases":426818,"active_cases":247471,"deaths":28971,"recovered":150376,"critical":697,"tested":8517446,"death_ratio":0.06787670623075878,"recovery_ratio":0.3523187869302607,"change":{"total_cases":3594,"active_cases":3547,"deaths":47,"recovered":0,"death_ratio":-0.0004653537658387691,"recovery_ratio":-0.0029918759811053963}},"chile":{"name":"Chile","iso3166a2":"CL","iso3166a3":"CHL","iso3166numeric":"","total_cases":402365,"active_cases":15107,"deaths":10990,"recovered":376268,"critical":1004,"tested":2276223,"death_ratio":0.027313508878754365,"recovery_ratio":0.9351409789618879,"change":{"total_cases":1380,"active_cases":-457,"deaths":32,"recovered":1805,"death_ratio":-1.41966463899669e-5,"recovery_ratio":0.0012831039790330845}},"iran":{"name":"Iran","iso3166a2":"IR","iso3166a3":"IRN","iso3166numeric":"","total_cases":365606,"active_cases":29716,"deaths":21020,"recovered":314870,"critical":3831,"tested":3113806,"death_ratio":0.057493585991477164,"recovery_ratio":0.8612276603775649,"change":{"total_cases":2243,"active_cases":312,"deaths":119,"recovered":1812,"death_ratio":-2.7405413811763812e-5,"recovery_ratio":-0.00032951522919744125}},"argentina":{"name":"Argentina","iso3166a2":"AR","iso3166a3":"ARG","iso3166numeric":"","total_cases":359638,"active_cases":83176,"deaths":7661,"recovered":268801,"critical":1990,"tested":1148574,"death_ratio":0.02130197587574172,"recovery_ratio":0.7474210178012335,"change":{"total_cases":8771,"active_cases":2913,"deaths":259,"recovered":5599,"death_ratio":0.00020566302785348864,"recovery_ratio":-0.002726473983402866}},"uk":{"name":"UK","iso3166a2":"GB","iso3166a3":"GBR","iso3166numeric":"","total_cases":330934,"active_cases":287832,"deaths":41551,"recovered":1551,"critical":0,"tested":0,"death_ratio":0.12555675754077852,"recovery_ratio":0.004686735119389365,"change":{"total_cases":1113,"active_cases":1096,"deaths":16,"recovered":1,"death_ratio":-0.000375187362669116,"recovery_ratio":-1.2783710521405318e-5}},"saudi_arabia":{"name":"Saudi Arabia","iso3166a2":"SA","iso3166a3":"SAU","iso3166numeric":"","total_cases":310836,"active_cases":22136,"deaths":3755,"recovered":284945,"critical":1601,"tested":4792192,"death_ratio":0.012080325316243935,"recovery_ratio":0.9167052722335894,"change":{"total_cases":1068,"active_cases":22,"deaths":33,"recovered":1013,"death_ratio":6.488150022678635e-5,"recovery_ratio":0.00010962645997825149}},"bangladesh":{"name":"Bangladesh","iso3166a2":"BD","iso3166a3":"BGD","iso3166numeric":"","total_cases":302147,"active_cases":107882,"deaths":4082,"recovered":190183,"critical":0,"tested":1485261,"death_ratio":0.013509980241405673,"recovery_ratio":0.6294386507229924,"change":{"total_cases":2519,"active_cases":-962,"deaths":54,"recovered":3427,"death_ratio":6.664383759828578e-5,"recovery_ratio":0.00614576754785523}},"pakistan":{"name":"Pakistan","iso3166a2":"PK","iso3166a3":"PAK","iso3166numeric":"","total_cases":294193,"active_cases":8987,"deaths":6267,"recovered":278939,"critical":669,"tested":2512337,"death_ratio":0.02130234233989252,"recovery_ratio":0.9481496840509461,"change":{"total_cases":482,"active_cases":-44,"deaths":12,"recovered":514,"death_ratio":5.897875776431777e-6,"recovery_ratio":0.00019404057828087407}},"france":{"name":"France","iso3166a2":"FR","iso3166a3":"FRA","iso3166numeric":"","total_cases":291331,"active_cases":175025,"deaths":30549,"recovered":85757,"critical":410,"tested":6000000,"death_ratio":0.1048601075752323,"recovery_ratio":0.29436276949586554,"change":{"total_cases":5452,"active_cases":5452,"deaths":0,"recovered":0,"death_ratio":-0.001999787695144334,"recovery_ratio":-0.00561379401527029}},"italy":{"name":"Italy","iso3166a2":"IT","iso3166a3":"ITA","iso3166numeric":"","total_cases":262540,"active_cases":20753,"deaths":35458,"recovered":206329,"critical":69,"tested":8219421,"death_ratio":0.13505751504532643,"recovery_ratio":0.7858954825931287,"change":{"total_cases":1366,"active_cases":1039,"deaths":13,"recovered":314,"death_ratio":-0.0006566065747429517,"recovery_ratio":-0.0029081502340286836}},"turkey":{"name":"Turkey","iso3166a2":"TR","iso3166a3":"TUR","iso3166numeric":"","total_cases":262507,"active_cases":16527,"deaths":6183,"recovered":239797,"critical":841,"tested":6621749,"death_ratio":0.02355365761674927,"recovery_ratio":0.9134880212718137,"change":{"total_cases":1313,"active_cases":291,"deaths":20,"recovered":1002,"death_ratio":-4.1830794163692786e-5,"recovery_ratio":-0.0007557974989084171}},"germany":{"name":"Germany","iso3166a2":"DE","iso3166a3":"DEU","iso3166numeric":"","total_cases":239000,"active_cases":17957,"deaths":9352,"recovered":211691,"critical":245,"tested":11208091,"death_ratio":0.03912970711297071,"recovery_ratio":0.8857364016736402,"change":{"total_cases":1658,"active_cases":290,"deaths":10,"recovered":1358,"death_ratio":-0.00023121510054396888,"recovery_ratio":-0.00046578757225812506}},"iraq":{"name":"Iraq","iso3166a2":"IQ","iso3166a3":"IRQ","iso3166numeric":"","total_cases":215784,"active_cases":51901,"deaths":6668,"recovered":157215,"critical":595,"tested":1502546,"death_ratio":0.030901271642012382,"recovery_ratio":0.7285757980202424,"change":{"total_cases":3837,"active_cases":311,"deaths":72,"recovered":3454,"death_ratio":-0.00021971615210595805,"recovery_ratio":0.0031066948954046048}},"philippines":{"name":"Philippines","iso3166a2":"PH","iso3166a3":"PHL","iso3166numeric":"","total_cases":202361,"active_cases":65764,"deaths":3137,"recovered":133460,"critical":717,"tested":2406194,"death_ratio":0.015501998902950667,"recovery_ratio":0.6595144321287204,"change":{"total_cases":5197,"active_cases":4034,"deaths":99,"recovered":1064,"death_ratio":9.350648039888228e-5,"recovery_ratio":-0.011987464769293465}},"indonesia":{"name":"Indonesia","iso3166a2":"ID","iso3166a3":"IDN","iso3166numeric":"","total_cases":160165,"active_cases":37812,"deaths":6944,"recovered":115409,"critical":0,"tested":2106753,"death_ratio":0.043355289857334625,"recovery_ratio":0.7205631692317298,"change":{"total_cases":2306,"active_cases":-322,"deaths":86,"recovered":2542,"death_ratio":-8.854293015294473e-5,"recovery_ratio":0.005577010697848328}},"canada":{"name":"Canada","iso3166a2":"CA","iso3166a3":"CAN","iso3166numeric":"","total_cases":128140,"active_cases":5027,"deaths":9139,"recovered":113974,"critical":44,"tested":5205086,"death_ratio":0.07132043077883565,"recovery_ratio":0.8894490401123771,"change":{"total_cases":493,"active_cases":-11,"deaths":10,"recovered":494,"death_ratio":-0.00019711369929543976,"recovery_ratio":0.000434805543605421}},"qatar":{"name":"Qatar","iso3166a2":"QA","iso3166a3":"QAT","iso3166numeric":"","total_cases":117742,"active_cases":2990,"deaths":194,"recovered":114558,"critical":63,"tested":604112,"death_ratio":0.0016476703300436547,"recovery_ratio":0.9729578230368093,"change":{"total_cases":244,"active_cases":4,"deaths":0,"recovered":240,"death_ratio":-3.4216034360641176e-6,"recovery_ratio":2.2113492817110725e-5}},"ukraine":{"name":"Ukraine","iso3166a2":"UA","iso3166a3":"UKR","iso3166numeric":"","total_cases":112650,"active_cases":54925,"deaths":2398,"recovered":55327,"critical":177,"tested":1452006,"death_ratio":0.021287172658677318,"recovery_ratio":0.49114070128717263,"change":{"total_cases":1701,"active_cases":995,"deaths":36,"recovered":670,"death_ratio":-1.8880809417864963e-6,"recovery_ratio":-0.0014910484356729925}},"bolivia":{"name":"Bolivia","iso3166a2":"BO","iso3166a3":"BOL","iso3166numeric":"","total_cases":110999,"active_cases":57460,"deaths":4664,"recovered":48875,"critical":71,"tested":236863,"death_ratio":0.04201839656213119,"recovery_ratio":0.4403192821556951,"change":{"total_cases":851,"active_cases":-1060,"deaths":86,"recovered":1825,"death_ratio":0.0004561348778518576,"recovery_ratio":0.013166723779691913}},"ecuador":{"name":"Ecuador","iso3166a2":"EC","iso3166a3":"ECU","iso3166numeric":"","total_cases":110549,"active_cases":9042,"deaths":6410,"recovered":95097,"critical":370,"tested":315924,"death_ratio":0.05798333770545188,"recovery_ratio":0.860224877656062,"change":{"total_cases":1519,"active_cases":1405,"deaths":42,"recovered":72,"death_ratio":-0.00042260561290086845,"recovery_ratio":-0.011324237266436388}},"israel":{"name":"Israel","iso3166a2":"IL","iso3166a3":"ISR","iso3166numeric":"","total_cases":108403,"active_cases":21062,"deaths":875,"recovered":86466,"critical":404,"tested":2180096,"death_ratio":0.00807173233213103,"recovery_ratio":0.7976347518057618,"change":{"total_cases":1943,"active_cases":-717,"deaths":16,"recovered":2644,"death_ratio":2.9741130816215294e-6,"recovery_ratio":0.010277998095448049}},"kazakhstan":{"name":"Kazakhstan","iso3166a2":"KZ","iso3166a3":"KAZ","iso3166numeric":"","total_cases":105075,"active_cases":9562,"deaths":1523,"recovered":93990,"critical":221,"tested":2291327,"death_ratio":0.014494408755650726,"recovery_ratio":0.8945039257673091,"change":{"total_cases":173,"active_cases":-412,"deaths":0,"recovered":585,"death_ratio":-2.3903573952141488e-5,"recovery_ratio":0.004101454889728129}},"egypt":{"name":"Egypt","iso3166a2":"EG","iso3166a3":"EGY","iso3166numeric":"","total_cases":97619,"active_cases":24604,"deaths":5298,"recovered":67717,"critical":41,"tested":135000,"death_ratio":0.05427222159620566,"recovery_ratio":0.6936866798471609,"change":{"total_cases":141,"active_cases":-777,"deaths":18,"recovered":900,"death_ratio":0.00010615335516665075,"recovery_ratio":0.008229448471876233}},"dominican_republic":{"name":"Dominican Republic","iso3166a2":"DO","iso3166a3":"DOM","iso3166numeric":"","total_cases":92557,"active_cases":27466,"deaths":1613,"recovered":63478,"critical":249,"tested":355839,"death_ratio":0.0174270989768467,"recovery_ratio":0.6858260315265188,"change":{"total_cases":340,"active_cases":-706,"deaths":28,"recovered":1018,"death_ratio":0.0002393787083495684,"recovery_ratio":0.008510569084669628}},"china":{"name":"China","iso3166a2":"CN","iso3166a3":"CHN","iso3166numeric":"","total_cases":89777,"active_cases":897,"deaths":4712,"recovered":84168,"critical":8,"tested":90410000,"death_ratio":0.05248560321685955,"recovery_ratio":0.9375229735901177,"change":{"total_cases":39,"active_cases":-16,"deaths":1,"recovered":54,"death_ratio":-1.1666613089857114e-5,"recovery_ratio":0.00019430569023137778}},"panama":{"name":"Panama","iso3166a2":"PA","iso3166a3":"PAN","iso3166numeric":"","total_cases":88381,"active_cases":23703,"deaths":1919,"recovered":62759,"critical":153,"tested":313342,"death_ratio":0.021712811577148935,"recovery_ratio":0.7100960613706566,"change":{"total_cases":896,"active_cases":309,"deaths":13,"recovered":574,"death_ratio":-7.378041004886884e-5,"recovery_ratio":-0.0007115056408311116}},"sweden":{"name":"Sweden","iso3166a2":"SE","iso3166a3":"SWE","iso3166numeric":"","total_cases":87072,"active_cases":81255,"deaths":5817,"recovered":0,"critical":21,"tested":1094856,"death_ratio":0.06680678059536935,"recovery_ratio":0,"change":{"total_cases":181,"active_cases":178,"deaths":3,"recovered":0,"death_ratio":-0.00010463715790774708,"recovery_ratio":0}},"oman":{"name":"Oman","iso3166a2":"OM","iso3166a3":"OMN","iso3166numeric":"","total_cases":84818,"active_cases":4763,"deaths":646,"recovered":79409,"critical":148,"tested":309212,"death_ratio":0.007616307859180834,"recovery_ratio":0.9362281591171685,"change":{"total_cases":166,"active_cases":-100,"deaths":4,"recovered":262,"death_ratio":3.231693161857927e-5,"recovery_ratio":0.0012591093605177628}},"belgium":{"name":"Belgium","iso3166a2":"BE","iso3166a3":"BEL","iso3166numeric":"","total_cases":82447,"active_cases":54160,"deaths":9996,"recovered":18291,"critical":85,"tested":2144563,"death_ratio":0.12124152485839387,"recovery_ratio":0.22185161376399384,"change":{"total_cases":355,"active_cases":306,"deaths":0,"recovered":49,"death_ratio":-0.000524298851590041,"recovery_ratio":-0.00036248748825973287}},"kuwait":{"name":"Kuwait","iso3166a2":"KW","iso3166a3":"KWT","iso3166numeric":"","total_cases":82271,"active_cases":7844,"deaths":521,"recovered":73906,"critical":92,"tested":599413,"death_ratio":0.006332729637417802,"recovery_ratio":0.898323832213052,"change":{"total_cases":698,"active_cases":192,"deaths":2,"recovered":504,"death_ratio":-2.9669685887702933e-5,"recovery_ratio":-0.0015082200591458594}},"romania":{"name":"Romania","iso3166a2":"RO","iso3166a3":"ROU","iso3166numeric":"","total_cases":81646,"active_cases":41939,"deaths":3421,"recovered":36286,"critical":502,"tested":1705368,"death_ratio":0.04190039928471695,"recovery_ratio":0.4444308355583862,"change":{"total_cases":1256,"active_cases":732,"deaths":54,"recovered":470,"death_ratio":1.70804639681027e-5,"recovery_ratio":-0.0010972151941949781}},"belarus":{"name":"Belarus","iso3166a2":"BY","iso3166a3":"BLR","iso3166numeric":"","total_cases":70974,"active_cases":939,"deaths":657,"recovered":69378,"critical":0,"tested":1487902,"death_ratio":0.009256910981486177,"recovery_ratio":0.9775128920449743,"change":{"total_cases":247,"active_cases":-39,"deaths":5,"recovered":281,"death_ratio":3.836643696993915e-5,"recovery_ratio":0.0005592534062648369}},"guatemala":{"name":"Guatemala","iso3166a2":"GT","iso3166a3":"GTM","iso3166numeric":"","total_cases":70714,"active_cases":9269,"deaths":2662,"recovered":58783,"critical":5,"tested":229882,"death_ratio":0.03764459654382442,"recovery_ratio":0.8312781061741663,"change":{"total_cases":1063,"active_cases":139,"deaths":32,"recovered":892,"death_ratio":-0.00011509104142202325,"recovery_ratio":0.00011990313329113267}},"netherlands":{"name":"Netherlands","iso3166a2":"NL","iso3166a3":"NLD","iso3166numeric":"","total_cases":70264,"active_cases":57028,"deaths":6241,"recovered":6995,"critical":47,"tested":1455274,"death_ratio":0.08882215643857452,"recovery_ratio":0.09955311397016965,"change":{"total_cases":625,"active_cases":502,"deaths":9,"recovered":114,"death_ratio":-0.0006679281404688292,"recovery_ratio":0.0007435388757541656}},"united_arab_emirates":{"name":"United Arab Emirates","iso3166a2":"AE","iso3166a3":"ARE","iso3166numeric":"","total_cases":68020,"active_cases":8572,"deaths":378,"recovered":59070,"critical":0,"tested":0,"death_ratio":0.005557189062040576,"recovery_ratio":0.868421052631579,"change":{"total_cases":399,"active_cases":82,"deaths":1,"recovered":316,"death_ratio":-1.8002076806823523e-5,"recovery_ratio":-0.00045104331494649763}},"japan":{"name":"Japan","iso3166a2":"JP","iso3166a3":"JPN","iso3166numeric":"","total_cases":64758,"active_cases":12121,"deaths":1230,"recovered":51407,"critical":252,"tested":1357628,"death_ratio":0.018993792272769386,"recovery_ratio":0.7938324222489885,"change":{"total_cases":897,"active_cases":-433,"deaths":15,"recovered":1315,"death_ratio":-3.1904161674169845e-5,"recovery_ratio":0.009441322829937815}},"poland":{"name":"Poland","iso3166a2":"PL","iso3166a3":"POL","iso3166numeric":"","total_cases":63802,"active_cases":18409,"deaths":1994,"recovered":43399,"critical":79,"tested":2577726,"death_ratio":0.03125293877934861,"recovery_ratio":0.6802137864016802,"change":{"total_cases":729,"active_cases":97,"deaths":17,"recovered":615,"death_ratio":-9.169363071592079e-5,"recovery_ratio":0.0018886710591405897}},"singapore":{"name":"Singapore","iso3166a2":"SG","iso3166a3":"SGP","iso3166numeric":"","total_cases":56495,"active_cases":1497,"deaths":27,"recovered":54971,"critical":0,"tested":1832813,"death_ratio":0.0004779183998583945,"recovery_ratio":0.9730241614302151,"change":{"total_cases":60,"active_cases":-95,"deaths":0,"recovered":155,"death_ratio":-5.081085140693962e-7,"recovery_ratio":0.001712032432252819}},"portugal":{"name":"Portugal","iso3166a2":"PT","iso3166a3":"PRT","iso3166numeric":"","total_cases":56274,"active_cases":13283,"deaths":1807,"recovered":41184,"critical":38,"tested":1958651,"death_ratio":0.03211074386039734,"recovery_ratio":0.7318477449621494,"change":{"total_cases":362,"active_cases":197,"deaths":2,"recovered":163,"death_ratio":-0.00017212922588109858,"recovery_ratio":-0.0018230233881152413}},"honduras":{"name":"Honduras","iso3166a2":"HN","iso3166a3":"HND","iso3166numeric":"","total_cases":55877,"active_cases":45050,"deaths":1703,"recovered":9124,"critical":47,"tested":135216,"death_ratio":0.030477656280759526,"recovery_ratio":0.1632872201442454,"change":{"total_cases":398,"active_cases":-190,"deaths":20,"recovered":568,"death_ratio":0.00014185354458908297,"recovery_ratio":0.009066704273375359}},"morocco":{"name":"Morocco","iso3166a2":"MA","iso3166a3":"MAR","iso3166numeric":"","total_cases":55864,"active_cases":14294,"deaths":984,"recovered":40586,"critical":31,"tested":1824251,"death_ratio":0.017614205928683947,"recovery_ratio":0.7265143920950881,"change":{"total_cases":1336,"active_cases":-986,"deaths":29,"recovered":2293,"death_ratio":0.00010026813525671613,"recovery_ratio":0.024251334583350936}},"nigeria":{"name":"Nigeria","iso3166a2":"NG","iso3166a3":"NGA","iso3166numeric":"","total_cases":52800,"active_cases":11829,"deaths":1007,"recovered":39964,"critical":7,"tested":379542,"death_ratio":0.0190719696969697,"recovery_ratio":0.7568939393939393,"change":{"total_cases":252,"active_cases":-458,"deaths":3,"recovered":707,"death_ratio":-3.437117233075215e-5,"recovery_ratio":0.009824593272298121}},"bahrain":{"name":"Bahrain","iso3166a2":"BH","iso3166a3":"BHR","iso3166numeric":"","total_cases":50076,"active_cases":3217,"deaths":186,"recovered":46673,"critical":32,"tested":1058509,"death_ratio":0.0037143541816439013,"recovery_ratio":0.9320432941928269,"change":{"total_cases":357,"active_cases":-5,"deaths":0,"recovered":362,"death_ratio":-2.6670376372149064e-5,"recovery_ratio":0.0005885183526048721}},"ethiopia":{"name":"Ethiopia","iso3166a2":"ET","iso3166a3":"ETH","iso3166numeric":"","total_cases":45221,"active_cases":28185,"deaths":725,"recovered":16311,"critical":327,"tested":813410,"death_ratio":0.016032374339355608,"recovery_ratio":0.3606952522058336,"change":{"total_cases":1533,"active_cases":1002,"deaths":16,"recovered":515,"death_ratio":-0.00019633835062791288,"recovery_ratio":-0.0008685639450545235}},"ghana":{"name":"Ghana","iso3166a2":"GH","iso3166a3":"GHA","iso3166numeric":"","total_cases":43769,"active_cases":1451,"deaths":270,"recovered":42048,"critical":5,"tested":437001,"death_ratio":0.006168749571614613,"recovery_ratio":0.9606799332861158,"change":{"total_cases":52,"active_cases":-153,"deaths":0,"recovered":205,"death_ratio":-7.337534087973989e-6,"recovery_ratio":0.003546552679029258}},"kyrgyzstan":{"name":"Kyrgyzstan","iso3166a2":"KG","iso3166a3":"KGZ","iso3166numeric":"","total_cases":43358,"active_cases":5084,"deaths":1057,"recovered":37217,"critical":24,"tested":267718,"death_ratio":0.02437843073942525,"recovery_ratio":0.8583652382489967,"change":{"total_cases":113,"active_cases":-179,"deaths":0,"recovered":292,"death_ratio":-6.370129896069235e-5,"recovery_ratio":0.004509301146441436}},"armenia":{"name":"Armenia","iso3166a2":"AM","iso3166a3":"ARM","iso3166numeric":"","total_cases":43067,"active_cases":5480,"deaths":861,"recovered":36726,"critical":0,"tested":198569,"death_ratio":0.019992105324262197,"recovery_ratio":0.8527642974899575,"change":{"total_cases":131,"active_cases":-123,"deaths":3,"recovered":251,"death_ratio":8.874469035812654e-6,"recovery_ratio":0.0032440813543137548}},"algeria":{"name":"Algeria","iso3166a2":"DZ","iso3166a3":"DZA","iso3166numeric":"","total_cases":42619,"active_cases":11268,"deaths":1465,"recovered":29886,"critical":28,"tested":0,"death_ratio":0.03437434008306155,"recovery_ratio":0.7012365376944555,"change":{"total_cases":391,"active_cases":-135,"deaths":9,"recovered":517,"death_ratio":-0.00010515219694224448,"recovery_ratio":0.005750130571219758}},"venezuela":{"name":"Venezuela","iso3166a2":"VE","iso3166a3":"VEN","iso3166numeric":"","total_cases":41158,"active_cases":8800,"deaths":343,"recovered":32015,"critical":86,"tested":1706093,"death_ratio":0.008333738276884202,"recovery_ratio":0.7778560668642791,"change":{"total_cases":820,"active_cases":-121,"deaths":6,"recovered":935,"death_ratio":-2.0666998538476644e-5,"recovery_ratio":0.00736670199740419}},"switzerland":{"name":"Switzerland","iso3166a2":"CH","iso3166a3":"CHE","iso3166numeric":"","total_cases":40645,"active_cases":3842,"deaths":2003,"recovered":34800,"critical":18,"tested":962895,"death_ratio":0.04928035428712019,"recovery_ratio":0.8561938737852134,"change":{"total_cases":383,"active_cases":-18,"deaths":1,"recovered":400,"death_ratio":-0.0004439515099092725,"recovery_ratio":0.0017902177323595447}},"uzbekistan":{"name":"Uzbekistan","iso3166a2":"UZ","iso3166a3":"UZB","iso3166numeric":"","total_cases":39964,"active_cases":3271,"deaths":291,"recovered":36402,"critical":249,"tested":1377915,"death_ratio":0.007281553398058253,"recovery_ratio":0.910869782804524,"change":{"total_cases":323,"active_cases":-217,"deaths":7,"recovered":533,"death_ratio":0.00011725380924868661,"recovery_ratio":0.006023790019276443}},"afghanistan":{"name":"Afghanistan","iso3166a2":"AF","iso3166a3":"AFG","iso3166numeric":"","total_cases":38113,"active_cases":7670,"deaths":1401,"recovered":29042,"critical":31,"tested":101893,"death_ratio":0.03675911106446619,"recovery_ratio":0.761997218796736,"change":{"total_cases":43,"active_cases":-563,"deaths":4,"recovered":602,"death_ratio":6.355025543020726e-5,"recovery_ratio":0.014952301539052804}},"costa_rica":{"name":"Costa Rica","iso3166a2":"CR","iso3166a3":"CRI","iso3166numeric":"","total_cases":36307,"active_cases":22604,"deaths":386,"recovered":13317,"critical":143,"tested":136154,"death_ratio":0.010631558652601427,"recovery_ratio":0.3667887735147492,"change":{"total_cases":1002,"active_cases":747,"deaths":10,"recovered":245,"death_ratio":-1.8490915448424877e-5,"recovery_ratio":-0.003470396574473289}},"azerbaijan":{"name":"Azerbaijan","iso3166a2":"AZ","iso3166a3":"AZE","iso3166numeric":"","total_cases":35707,"active_cases":1904,"deaths":522,"recovered":33281,"critical":0,"tested":892070,"death_ratio":0.014618982272383566,"recovery_ratio":0.9320581398605315,"change":{"total_cases":148,"active_cases":56,"deaths":1,"recovered":91,"death_ratio":-3.272334363488283e-5,"recovery_ratio":-0.001320189113849013}},"moldova":{"name":"Moldova","iso3166a2":"MD","iso3166a3":"MDA","iso3166numeric":"","total_cases":34982,"active_cases":9859,"deaths":967,"recovered":24156,"critical":575,"tested":183923,"death_ratio":0.027642787719398546,"recovery_ratio":0.690526556514779,"change":{"total_cases":624,"active_cases":330,"deaths":7,"recovered":287,"death_ratio":-0.00029830314735737606,"recovery_ratio":-0.0041879204629263755}},"nepal":{"name":"Nepal","iso3166a2":"NP","iso3166a3":"NPL","iso3166numeric":"","total_cases":34418,"active_cases":14739,"deaths":175,"recovered":19504,"critical":0,"tested":635252,"death_ratio":0.0050845487826137485,"recovery_ratio":0.5666802254634203,"change":{"total_cases":885,"active_cases":489,"deaths":11,"recovered":385,"death_ratio":0.00019384410364079677,"recovery_ratio":-0.003474547446847165}},"kenya":{"name":"Kenya","iso3166a2":"KE","iso3166a3":"KEN","iso3166numeric":"","total_cases":33016,"active_cases":13156,"deaths":564,"recovered":19296,"critical":44,"tested":429513,"death_ratio":0.017082626605282286,"recovery_ratio":0.584443905984977,"change":{"total_cases":213,"active_cases":-33,"deaths":5,"recovered":241,"death_ratio":4.1502317869548944e-5,"recovery_ratio":0.0035519143988415047}},"serbia":{"name":"Serbia","iso3166a2":"RS","iso3166a3":"SRB","iso3166numeric":"","total_cases":30974,"active_cases":924,"deaths":707,"recovered":29343,"critical":37,"tested":895507,"death_ratio":0.022825595660876864,"recovery_ratio":0.9473429327823336,"change":{"total_cases":154,"active_cases":-59,"deaths":2,"recovered":211,"death_ratio":-4.9160990648118574e-5,"recovery_ratio":0.002112562892651604}},"ireland":{"name":"Ireland","iso3166a2":"IE","iso3166a3":"IRL","iso3166numeric":"","total_cases":28363,"active_cases":3222,"deaths":1777,"recovered":23364,"critical":5,"tested":790298,"death_ratio":0.06265204668053449,"recovery_ratio":0.8237492507844727,"change":{"total_cases":162,"active_cases":162,"deaths":0,"recovered":0,"death_ratio":-0.00035990325031902415,"recovery_ratio":-0.004732008745331195}},"austria":{"name":"Austria","iso3166a2":"AT","iso3166a3":"AUT","iso3166numeric":"","total_cases":26033,"active_cases":3155,"deaths":733,"recovered":22145,"critical":23,"tested":1110089,"death_ratio":0.02815657050666462,"recovery_ratio":0.8506510966849767,"change":{"total_cases":327,"active_cases":70,"deaths":0,"recovered":257,"death_ratio":-0.00035817313295258973,"recovery_ratio":-0.0008232672767443105}},"australia":{"name":"Australia","iso3166a2":"AU","iso3166a3":"AUS","iso3166numeric":"","total_cases":25204,"active_cases":4555,"deaths":549,"recovered":20100,"critical":46,"tested":5886412,"death_ratio":0.02178225678463736,"recovery_ratio":0.7974924615140454,"change":{"total_cases":151,"active_cases":-161,"deaths":24,"recovered":288,"death_ratio":0.0008266826019047505,"recovery_ratio":0.00668896492681037}},"el_salvador":{"name":"El Salvador","iso3166a2":"SV","iso3166a3":"SLV","iso3166numeric":"","total_cases":25140,"active_cases":11407,"deaths":687,"recovered":13046,"critical":297,"tested":303031,"death_ratio":0.027326968973747017,"recovery_ratio":0.518933969769292,"change":{"total_cases":154,"active_cases":-184,"deaths":9,"recovered":329,"death_ratio":0.00019177326414964238,"recovery_ratio":0.009968949357861523}},"czechia":{"name":"Czechia","iso3166a2":"CZ","iso3166a3":"CZE","iso3166numeric":"","total_cases":22790,"active_cases":5433,"deaths":418,"recovered":16939,"critical":31,"tested":861392,"death_ratio":0.01834137779727951,"recovery_ratio":0.7432645897323388,"change":{"total_cases":376,"active_cases":85,"deaths":2,"recovered":289,"death_ratio":-0.00021845088122499773,"recovery_ratio":0.00042529286430981195}},"palestine":{"name":"Palestine","iso3166a2":"PS","iso3166a3":"PSE","iso3166numeric":"","total_cases":20155,"active_cases":6089,"deaths":137,"recovered":13929,"critical":0,"tested":214862,"death_ratio":0.0067973207640783925,"recovery_ratio":0.6910940213346564,"change":{"total_cases":477,"active_cases":-294,"deaths":4,"recovered":767,"death_ratio":3.850381113601996e-5,"recovery_ratio":0.02222523385625408}},"west_bank_and_gaza":{"name":"West bank and Gaza","iso3166a2":"PS","iso3166a3":"PSE","iso3166numeric":"","total_cases":20155,"active_cases":6091,"deaths":135,"recovered":13929,"critical":0,"tested":0,"death_ratio":0.006698089804018854,"recovery_ratio":0.6910940213346564,"change":{"total_cases":477,"active_cases":-292,"deaths":2,"recovered":767,"death_ratio":-6.0727148923518486e-5,"recovery_ratio":0.02222523385625408}},"cameroon":{"name":"Cameroon","iso3166a2":"CM","iso3166a3":"CMR","iso3166numeric":"","total_cases":18973,"active_cases":2023,"deaths":410,"recovered":16540,"critical":30,"tested":149000,"death_ratio":0.021609655826701102,"recovery_ratio":0.8717651399356982,"change":{"total_cases":0,"active_cases":0,"deaths":0,"recovered":0,"death_ratio":0,"recovery_ratio":0}},"bosnia_and_herzegovina":{"name":"Bosnia and Herzegovina","iso3166a2":"BA","iso3166a3":"BIH","iso3166numeric":"","total_cases":18609,"active_cases":5702,"deaths":571,"recovered":12336,"critical":0,"tested":178652,"death_ratio":0.030684077596861734,"recovery_ratio":0.6629050459455103,"change":{"total_cases":283,"active_cases":17,"deaths":11,"recovered":255,"death_ratio":0.0001263999803605871,"recovery_ratio":0.003677718650956119}},"south_korea":{"name":"South Korea","iso3166a2":"KR","iso3166a3":"KOR","iso3166numeric":"","total_cases":18265,"active_cases":3585,"deaths":312,"recovered":14368,"critical":0,"tested":0,"death_ratio":0.01708185053380783,"recovery_ratio":0.7866411168902272,"change":{"total_cases":320,"active_cases":236,"deaths":2,"recovered":82,"death_ratio":-0.00019315643192078374,"recovery_ratio":-0.009458075085253426}},"ivory_coast":{"name":"Ivory Coast","iso3166a2":"CI","iso3166a3":"CIV","iso3166numeric":"","total_cases":17562,"active_cases":1540,"deaths":114,"recovered":15908,"critical":0,"tested":122079,"death_ratio":0.006491288008199521,"recovery_ratio":0.905819382758228,"change":{"total_cases":56,"active_cases":-219,"deaths":0,"recovered":275,"death_ratio":-2.076500219691437e-5,"recovery_ratio":0.012811271253601042}},"cote_divoire":{"name":"Cote d'Ivoire","iso3166a2":"CI","iso3166a3":"CIV","iso3166numeric":"","total_cases":17562,"active_cases":1540,"deaths":114,"recovered":15908,"critical":0,"tested":0,"death_ratio":0.006491288008199521,"recovery_ratio":0.905819382758228,"change":{"total_cases":56,"active_cases":-219,"deaths":0,"recovered":275,"death_ratio":-2.076500219691437e-5,"recovery_ratio":0.012811271253601042}},"denmark":{"name":"Denmark","iso3166a2":"DK","iso3166a3":"DNK","iso3166numeric":"","total_cases":16962,"active_cases":1365,"deaths":623,"recovered":14974,"critical":3,"tested":2281780,"death_ratio":0.036729159297252685,"recovery_ratio":0.8827968399952836,"change":{"total_cases":57,"active_cases":-94,"deaths":0,"recovered":151,"death_ratio":-0.00012384277314068937,"recovery_ratio":0.005955668744174414}},"bulgaria":{"name":"Bulgaria","iso3166a2":"BG","iso3166a3":"BGR","iso3166numeric":"","total_cases":15589,"active_cases":4416,"deaths":572,"recovered":10601,"critical":64,"tested":380606,"death_ratio":0.036692539611264355,"recovery_ratio":0.6800307909423311,"change":{"total_cases":203,"active_cases":90,"deaths":9,"recovered":104,"death_ratio":0.00010083286487153065,"recovery_ratio":-0.0022128071338420874}},"madagascar":{"name":"Madagascar","iso3166a2":"MG","iso3166a3":"MDG","iso3166numeric":"","total_cases":14554,"active_cases":791,"deaths":181,"recovered":13582,"critical":68,"tested":56065,"death_ratio":0.012436443589391232,"recovery_ratio":0.9332142366359764,"change":{"total_cases":79,"active_cases":-14,"deaths":3,"recovered":90,"death_ratio":0.00013937968610971269,"recovery_ratio":0.0011244266187051544}},"paraguay":{"name":"Paraguay","iso3166a2":"PY","iso3166a3":"PRY","iso3166numeric":"","total_cases":14228,"active_cases":6114,"deaths":231,"recovered":7883,"critical":68,"tested":177771,"death_ratio":0.016235591790834975,"recovery_ratio":0.5540483553556368,"change":{"total_cases":626,"active_cases":380,"deaths":12,"recovered":234,"death_ratio":0.00013501834575336755,"recovery_ratio":-0.008295417618925827}},"north_macedonia":{"name":"North Macedonia","iso3166a2":"MK","iso3166a3":"MKD","iso3166numeric":"","total_cases":13914,"active_cases":2829,"deaths":578,"recovered":10507,"critical":5,"tested":142158,"death_ratio":0.04154089406353313,"recovery_ratio":0.7551387092137416,"change":{"total_cases":115,"active_cases":-187,"deaths":5,"recovered":297,"death_ratio":1.614589337587541e-5,"recovery_ratio":0.015230020178304216}},"senegal":{"name":"Senegal","iso3166a2":"SN","iso3166a3":"SEN","iso3166numeric":"","total_cases":13186,"active_cases":4059,"deaths":275,"recovered":8852,"critical":43,"tested":140032,"death_ratio":0.020855452752919765,"recovery_ratio":0.6713180646139846,"change":{"total_cases":130,"active_cases":-8,"deaths":1,"recovered":137,"death_ratio":-0.0001310668549233708,"recovery_ratio":0.0038088734375140154}},"sudan":{"name":"Sudan","iso3166a2":"SD","iso3166a3":"SDN","iso3166numeric":"","total_cases":12974,"active_cases":5598,"deaths":819,"recovered":6557,"critical":0,"tested":401,"death_ratio":0.06312625250501001,"recovery_ratio":0.5053954061970094,"change":{"total_cases":0,"active_cases":0,"deaths":0,"recovered":0,"death_ratio":0,"recovery_ratio":0}},"kosovo":{"name":"Kosovo","iso3166a2":"KI","iso3166a3":"KIR","iso3166numeric":"","total_cases":12683,"active_cases":3407,"deaths":488,"recovered":8788,"critical":0,"tested":0,"death_ratio":0.03847670109595522,"recovery_ratio":0.6928960025230624,"change":{"total_cases":235,"active_cases":-69,"deaths":21,"recovered":283,"death_ratio":0.0009606342579089461,"recovery_ratio":0.009653714605324604}},"libya":{"name":"Libya","iso3166a2":"LY","iso3166a3":"LBY","iso3166numeric":"","total_cases":11834,"active_cases":10472,"deaths":210,"recovered":1152,"critical":0,"tested":101310,"death_ratio":0.017745479127936455,"recovery_ratio":0.0973466283589657,"change":{"total_cases":553,"active_cases":506,"deaths":7,"recovered":40,"death_ratio":-0.00024937948388873907,"recovery_ratio":-0.0012261931994067832}},"zambia":{"name":"Zambia","iso3166a2":"ZM","iso3166a3":"ZMB","iso3166numeric":"","total_cases":11376,"active_cases":401,"deaths":282,"recovered":10693,"critical":0,"tested":107446,"death_ratio":0.024789029535864978,"recovery_ratio":0.9399613220815752,"change":{"total_cases":228,"active_cases":-259,"deaths":2,"recovered":485,"death_ratio":-0.0003275833094884481,"recovery_ratio":0.024281379490975974}},"norway":{"name":"Norway","iso3166a2":"NO","iso3166a3":"NOR","iso3166numeric":"","total_cases":10486,"active_cases":1072,"deaths":264,"recovered":9150,"critical":1,"tested":653756,"death_ratio":0.025176425710471104,"recovery_ratio":0.8725920274651917,"change":{"total_cases":60,"active_cases":60,"deaths":0,"recovered":0,"death_ratio":-0.00014488639388339497,"recovery_ratio":-0.0050216306970948255}},"kinshasa":{"name":"Kinshasa","iso3166a2":"CD","iso3166a3":"COD","iso3166numeric":"","total_cases":9912,"active_cases":671,"deaths":254,"recovered":8987,"critical":0,"tested":0,"death_ratio":0.02562550443906376,"recovery_ratio":0.906678773204197,"change":{"total_cases":21,"active_cases":3,"deaths":3,"recovered":15,"death_ratio":0.0002488994446243724,"recovery_ratio":-0.0004084778320986304}},"malaysia":{"name":"Malaysia","iso3166a2":"MY","iso3166a3":"MYS","iso3166numeric":"","total_cases":9291,"active_cases":188,"deaths":125,"recovered":8978,"critical":9,"tested":1191500,"death_ratio":0.013453880099020557,"recovery_ratio":0.9663114842320525,"change":{"total_cases":6,"active_cases":-1,"deaths":0,"recovered":7,"death_ratio":-8.693945136686518e-6,"recovery_ratio":0.00012947023097542587}},"greece":{"name":"Greece","iso3166a2":"GR","iso3166a3":"GRC","iso3166numeric":"","total_cases":9280,"active_cases":5228,"deaths":248,"recovered":3804,"critical":33,"tested":887991,"death_ratio":0.026724137931034484,"recovery_ratio":0.4099137931034483,"change":{"total_cases":293,"active_cases":288,"deaths":5,"recovered":0,"death_ratio":-0.00031491848378692455,"recovery_ratio":-0.013364275217459698}},"guinea":{"name":"Guinea","iso3166a2":"GN","iso3166a3":"GIN","iso3166numeric":"","total_cases":9167,"active_cases":960,"deaths":57,"recovered":8150,"critical":24,"tested":22486,"death_ratio":0.006217955710701429,"recovery_ratio":0.8890585796880114,"change":{"total_cases":91,"active_cases":-133,"deaths":2,"recovered":222,"death_ratio":0.00015801741189138026,"recovery_ratio":0.015546019088628404}},"albania":{"name":"Albania","iso3166a2":"AL","iso3166a3":"ALB","iso3166numeric":"","total_cases":8927,"active_cases":4031,"deaths":263,"recovered":4633,"critical":19,"tested":54353,"death_ratio":0.02946118516858967,"recovery_ratio":0.5189873417721519,"change":{"total_cases":168,"active_cases":61,"deaths":4,"recovered":103,"death_ratio":-0.00010840040053922487,"recovery_ratio":0.0018050150225229489}},"french_guiana":{"name":"French Guiana","iso3166a2":"GF","iso3166a3":"GUF","iso3166numeric":"","total_cases":8904,"active_cases":449,"deaths":56,"recovered":8399,"critical":17,"tested":50286,"death_ratio":0.006289308176100629,"recovery_ratio":0.9432839173405211,"change":{"total_cases":0,"active_cases":0,"deaths":0,"recovered":0,"death_ratio":0,"recovery_ratio":0}},"croatia":{"name":"Croatia","iso3166a2":"HR","iso3166a3":"HRV","iso3166numeric":"","total_cases":8888,"active_cases":2351,"deaths":175,"recovered":6362,"critical":10,"tested":157387,"death_ratio":0.01968946894689469,"recovery_ratio":0.7157965796579658,"change":{"total_cases":358,"active_cases":120,"deaths":0,"recovered":238,"death_ratio":-0.0008263575478298125,"recovery_ratio":-0.002140114363136103}},"tajikistan":{"name":"Tajikistan","iso3166a2":"TJ","iso3166a3":"TJK","iso3166numeric":"","total_cases":8413,"active_cases":1132,"deaths":67,"recovered":7214,"critical":0,"tested":0,"death_ratio":0.007963865446333056,"recovery_ratio":0.8574824676096517,"change":{"total_cases":34,"active_cases":-1,"deaths":0,"recovered":35,"death_ratio":-3.231548217869952e-5,"recovery_ratio":0.0006976484188174759}},"gabon":{"name":"Gabon","iso3166a2":"GA","iso3166a3":"GAB","iso3166numeric":"","total_cases":8409,"active_cases":1397,"deaths":53,"recovered":6959,"critical":2,"tested":109360,"death_ratio":0.006302770840765846,"recovery_ratio":0.8275657034130098,"change":{"total_cases":0,"active_cases":0,"deaths":0,"recovered":0,"death_ratio":0,"recovery_ratio":0}},"haiti":{"name":"Haiti","iso3166a2":"HT","iso3166a3":"HTI","iso3166numeric":"","total_cases":8122,"active_cases":2248,"deaths":197,"recovered":5677,"critical":0,"tested":22742,"death_ratio":0.02425510957892145,"recovery_ratio":0.6989657719773454,"change":{"total_cases":10,"active_cases":-44,"deaths":1,"recovered":53,"death_ratio":9.337387872421221e-5,"recovery_ratio":0.005671886375767543}},"finland":{"name":"Finland","iso3166a2":"FI","iso3166a3":"FIN","iso3166numeric":"","total_cases":8002,"active_cases":467,"deaths":335,"recovered":7200,"critical":1,"tested":596091,"death_ratio":0.04186453386653337,"recovery_ratio":0.899775056235941,"change":{"total_cases":21,"active_cases":-79,"deaths":0,"recovered":100,"death_ratio":-0.00011015602195178081,"recovery_ratio":0.010162225763569177}},"luxembourg":{"name":"Luxembourg","iso3166a2":"LU","iso3166a3":"LUX","iso3166numeric":"","total_cases":7838,"active_cases":600,"deaths":124,"recovered":7114,"critical":1,"tested":733651,"death_ratio":0.015820362337330952,"recovery_ratio":0.907629497320745,"change":{"total_cases":44,"active_cases":36,"deaths":0,"recovered":8,"death_ratio":-8.931177095747311e-5,"recovery_ratio":-0.00409747214294498}},"maldives":{"name":"Maldives","iso3166a2":"MV","iso3166a3":"MDV","iso3166numeric":"","total_cases":7225,"active_cases":2636,"deaths":28,"recovered":4561,"critical":12,"tested":106909,"death_ratio":0.003875432525951557,"recovery_ratio":0.631280276816609,"change":{"total_cases":178,"active_cases":56,"deaths":0,"recovered":122,"death_ratio":-9.788945503325921e-5,"recovery_ratio":0.0013668384740519457}},"mauritania":{"name":"Mauritania","iso3166a2":"MR","iso3166a3":"MRT","iso3166numeric":"","total_cases":6960,"active_cases":481,"deaths":158,"recovered":6321,"critical":3,"tested":69554,"death_ratio":0.022701149425287358,"recovery_ratio":0.9081896551724138,"change":{"total_cases":32,"active_cases":-7,"deaths":0,"recovered":39,"death_ratio":-0.0001048551936502877,"recovery_ratio":0.0014344588675638814}},"namibia":{"name":"Namibia","iso3166a2":"NA","iso3166a3":"NAM","iso3166numeric":"","total_cases":6431,"active_cases":3638,"deaths":59,"recovered":2734,"critical":10,"tested":55054,"death_ratio":0.009174311926605505,"recovery_ratio":0.4251282848701602,"change":{"total_cases":271,"active_cases":267,"deaths":2,"recovered":2,"death_ratio":-7.893482664124776e-5,"recovery_ratio":-0.018378208636333326}},"zimbabwe":{"name":"Zimbabwe","iso3166a2":"ZW","iso3166a3":"ZWE","iso3166numeric":"","total_cases":6196,"active_cases":1069,"deaths":166,"recovered":4961,"critical":0,"tested":149748,"death_ratio":0.026791478373143964,"recovery_ratio":0.8006778566817302,"change":{"total_cases":0,"active_cases":0,"deaths":0,"recovered":0,"death_ratio":0,"recovery_ratio":0}},"malawi":{"name":"Malawi","iso3166a2":"MW","iso3166a3":"MWI","iso3166numeric":"","total_cases":5423,"active_cases":2187,"deaths":170,"recovered":3066,"critical":4,"tested":42902,"death_ratio":0.03134796238244514,"recovery_ratio":0.5653697215563341,"change":{"total_cases":4,"active_cases":-4,"deaths":1,"recovered":7,"death_ratio":0.0001613965953995572,"recovery_ratio":0.0008744272215860383}},"djibouti":{"name":"Djibouti","iso3166a2":"DJ","iso3166a3":"DJI","iso3166numeric":"","total_cases":5383,"active_cases":26,"deaths":60,"recovered":5297,"critical":0,"tested":66035,"death_ratio":0.01114620100315809,"recovery_ratio":0.9840237785621401,"change":{"total_cases":0,"active_cases":-15,"deaths":0,"recovered":15,"death_ratio":0,"recovery_ratio":0.0027865502507895545}},"hungary":{"name":"Hungary","iso3166a2":"HU","iso3166a3":"HUN","iso3166numeric":"","total_cases":5288,"active_cases":940,"deaths":614,"recovered":3734,"critical":7,"tested":405067,"death_ratio":0.11611195158850227,"recovery_ratio":0.7061270801815431,"change":{"total_cases":73,"active_cases":55,"deaths":0,"recovered":18,"death_ratio":-0.0016253446722839238,"recovery_ratio":-0.006432843116635167}},"equatorial_guinea":{"name":"Equatorial guinea","iso3166a2":"GQ","iso3166a3":"GNQ","iso3166numeric":"","total_cases":4926,"active_cases":1048,"deaths":83,"recovered":3795,"critical":2,"tested":50481,"death_ratio":0.016849370686155097,"recovery_ratio":0.7704019488428745,"change":{"total_cases":0,"active_cases":0,"deaths":0,"recovered":0,"death_ratio":0,"recovery_ratio":0}},"hong_kong":{"name":"Hong kong","iso3166a2":"HK","iso3166a3":"HKG","iso3166numeric":"","total_cases":4736,"active_cases":497,"deaths":78,"recovered":4161,"critical":27,"tested":780415,"death_ratio":0.016469594594594593,"recovery_ratio":0.878589527027027,"change":{"total_cases":25,"active_cases":-29,"deaths":1,"recovered":53,"death_ratio":0.00012486948315328442,"recovery_ratio":0.006587828873768631}},"central_african_republic":{"name":"Central African Republic","iso3166a2":"CF","iso3166a3":"CAF","iso3166numeric":"","total_cases":4691,"active_cases":2857,"deaths":61,"recovered":1773,"critical":0,"tested":0,"death_ratio":0.013003623960775954,"recovery_ratio":0.3779577915156683,"change":{"total_cases":12,"active_cases":-6,"deaths":0,"recovered":18,"death_ratio":-3.334975155573974e-5,"recovery_ratio":0.00287764618546954}},"nicaragua":{"name":"Nicaragua","iso3166a2":"NI","iso3166a3":"NIC","iso3166numeric":"","total_cases":4494,"active_cases":1444,"deaths":137,"recovered":2913,"critical":0,"tested":0,"death_ratio":0.030485091232754783,"recovery_ratio":0.6481975967957276,"change":{"total_cases":183,"active_cases":179,"deaths":4,"recovered":0,"death_ratio":-0.000366219368033896,"recovery_ratio":-0.027515694783952216}},"montenegro":{"name":"Montenegro","iso3166a2":"ME","iso3166a3":"MNE","iso3166numeric":"","total_cases":4444,"active_cases":877,"deaths":87,"recovered":3480,"critical":0,"tested":46380,"death_ratio":0.019576957695769576,"recovery_ratio":0.783078307830783,"change":{"total_cases":66,"active_cases":3,"deaths":3,"recovered":60,"death_ratio":0.00039011438832325246,"recovery_ratio":0.0018996874561827415}},"eswatini":{"name":"Eswatini","iso3166a2":"SZ","iso3166a3":"SWZ","iso3166numeric":"","total_cases":4327,"active_cases":1282,"deaths":86,"recovered":2959,"critical":11,"tested":29019,"death_ratio":0.019875202218627225,"recovery_ratio":0.6838456205223018,"change":{"total_cases":23,"active_cases":-1,"deaths":1,"recovered":23,"death_ratio":0.00012613158665696414,"recovery_ratio":0.0016894866933054864}},"brazzaville":{"name":"Brazzaville","iso3166a2":"CG","iso3166a3":"COG","iso3166numeric":"","total_cases":3979,"active_cases":2159,"deaths":78,"recovered":1742,"critical":0,"tested":0,"death_ratio":0.019602915305353102,"recovery_ratio":0.43779844181955263,"change":{"total_cases":0,"active_cases":0,"deaths":0,"recovered":0,"death_ratio":0,"recovery_ratio":0}},"congo":{"name":"Congo","iso3166a2":"CD","iso3166a3":"COD","iso3166numeric":"","total_cases":3979,"active_cases":2159,"deaths":78,"recovered":1742,"critical":0,"tested":0,"death_ratio":0.019602915305353102,"recovery_ratio":0.43779844181955263,"change":{"total_cases":0,"active_cases":0,"deaths":0,"recovered":0,"death_ratio":0,"recovery_ratio":0}},"cuba":{"name":"Cuba","iso3166a2":"CU","iso3166a3":"CUB","iso3166numeric":"","total_cases":3759,"active_cases":508,"deaths":92,"recovered":3159,"critical":3,"tested":369889,"death_ratio":0.02447459430699654,"recovery_ratio":0.8403830806065443,"change":{"total_cases":15,"active_cases":-43,"deaths":1,"recovered":57,"death_ratio":0.00016903875144098565,"recovery_ratio":0.01185743958090324}},"suriname":{"name":"Suriname","iso3166a2":"SR","iso3166a3":"SUR","iso3166numeric":"","total_cases":3698,"active_cases":819,"deaths":61,"recovered":2818,"critical":20,"tested":7186,"death_ratio":0.016495402920497566,"recovery_ratio":0.7620335316387237,"change":{"total_cases":66,"active_cases":5,"deaths":1,"recovered":60,"death_ratio":-2.4420868048689176e-5,"recovery_ratio":0.002672298158547415}},"mozambique":{"name":"Mozambique","iso3166a2":"MZ","iso3166a3":"MOZ","iso3166numeric":"","total_cases":3590,"active_cases":1642,"deaths":21,"recovered":1927,"critical":0,"tested":90566,"death_ratio":0.00584958217270195,"recovery_ratio":0.5367688022284123,"change":{"total_cases":82,"active_cases":-36,"deaths":0,"recovered":118,"death_ratio":-0.00013673481703579266,"recovery_ratio":0.021090352969575288}},"cabo_verde":{"name":"Cabo Verde","iso3166a2":"CV","iso3166a3":"CPV","iso3166numeric":"","total_cases":3568,"active_cases":858,"deaths":37,"recovered":2673,"critical":0,"tested":76576,"death_ratio":0.010369955156950673,"recovery_ratio":0.7491591928251121,"change":{"total_cases":36,"active_cases":-38,"deaths":0,"recovered":74,"death_ratio":-0.00010569603217729963,"recovery_ratio":0.013315478215825571}},"rwanda":{"name":"Rwanda","iso3166a2":"RW","iso3166a3":"RWA","iso3166numeric":"","total_cases":3537,"active_cases":1716,"deaths":15,"recovered":1806,"critical":0,"tested":378014,"death_ratio":0.004240882103477523,"recovery_ratio":0.5106022052586938,"change":{"total_cases":231,"active_cases":209,"deaths":1,"recovered":21,"death_ratio":6.1573605858109e-6,"recovery_ratio":-0.02932519945999945}},"slovakia":{"name":"Slovakia","iso3166a2":"SK","iso3166a3":"SVK","iso3166numeric":"","total_cases":3536,"active_cases":1311,"deaths":33,"recovered":2192,"critical":10,"tested":319944,"death_ratio":0.009332579185520362,"recovery_ratio":0.6199095022624435,"change":{"total_cases":84,"active_cases":59,"deaths":0,"recovered":25,"death_ratio":-0.00022709636488519973,"recovery_ratio":-0.00784252554752174}},"thailand":{"name":"Thailand","iso3166a2":"TH","iso3166a3":"THA","iso3166numeric":"","total_cases":3403,"active_cases":108,"deaths":58,"recovered":3237,"critical":1,"tested":749213,"death_ratio":0.017043784895680283,"recovery_ratio":0.9512195121951219,"change":{"total_cases":1,"active_cases":-7,"deaths":0,"recovered":8,"death_ratio":-5.009930892321823e-6,"recovery_ratio":0.002071951936450489}},"somalia":{"name":"Somalia","iso3166a2":"SO","iso3166a3":"SOM","iso3166numeric":"","total_cases":3275,"active_cases":737,"deaths":95,"recovered":2443,"critical":0,"tested":0,"death_ratio":0.02900763358778626,"recovery_ratio":0.7459541984732825,"change":{"total_cases":6,"active_cases":4,"deaths":2,"recovered":0,"death_ratio":0.0005585665948220492,"recovery_ratio":-0.0013691419978095754}},"mayotte":{"name":"Mayotte","iso3166a2":"YT","iso3166a3":"MYT","iso3166numeric":"","total_cases":3237,"active_cases":234,"deaths":39,"recovered":2964,"critical":1,"tested":13000,"death_ratio":0.012048192771084338,"recovery_ratio":0.9156626506024096,"change":{"total_cases":0,"active_cases":0,"deaths":0,"recovered":0,"death_ratio":0,"recovery_ratio":0}},"tunisia":{"name":"Tunisia","iso3166a2":"TN","iso3166a3":"TUN","iso3166numeric":"","total_cases":3069,"active_cases":1542,"deaths":71,"recovered":1456,"critical":8,"tested":129104,"death_ratio":0.023134571521668295,"recovery_ratio":0.4744216357119583,"change":{"total_cases":176,"active_cases":174,"deaths":0,"recovered":2,"death_ratio":-0.0014074264043600487,"recovery_ratio":-0.02817082885769262}},"sri_lanka":{"name":"Sri Lanka","iso3166a2":"LK","iso3166a3":"LKA","iso3166numeric":"","total_cases":2984,"active_cases":153,"deaths":12,"recovered":2819,"critical":1,"tested":213462,"death_ratio":0.004021447721179625,"recovery_ratio":0.9447050938337802,"change":{"total_cases":13,"active_cases":10,"deaths":0,"recovered":3,"death_ratio":-1.7596371718389507e-5,"recovery_ratio":-0.0031239199662871364}},"lithuania":{"name":"Lithuania","iso3166a2":"LT","iso3166a3":"LTU","iso3166numeric":"","total_cases":2726,"active_cases":847,"deaths":85,"recovered":1794,"critical":5,"tested":618405,"death_ratio":0.031181217901687455,"recovery_ratio":0.6581071166544388,"change":{"total_cases":32,"active_cases":23,"deaths":0,"recovered":9,"death_ratio":-0.00037037823788195826,"recovery_ratio":-0.004476402276518909}},"slovenia":{"name":"Slovenia","iso3166a2":"SI","iso3166a3":"SVN","iso3166numeric":"","total_cases":2722,"active_cases":419,"deaths":133,"recovered":2170,"critical":0,"tested":153502,"death_ratio":0.04886113152094049,"recovery_ratio":0.7972079353416606,"change":{"total_cases":36,"active_cases":5,"deaths":0,"recovered":31,"death_ratio":-0.0006548774142791716,"recovery_ratio":0.000856483368466221}},"mali":{"name":"Mali","iso3166a2":"ML","iso3166a3":"MLI","iso3166numeric":"","total_cases":2717,"active_cases":539,"deaths":126,"recovered":2052,"critical":0,"tested":35336,"death_ratio":0.04637467795362532,"recovery_ratio":0.7552447552447552,"change":{"total_cases":9,"active_cases":-19,"deaths":1,"recovered":27,"death_ratio":0.00021515062718514139,"recovery_ratio":0.007460412556424378}},"gambia":{"name":"Gambia","iso3166a2":"GM","iso3166a3":"GMB","iso3166numeric":"","total_cases":2708,"active_cases":2004,"deaths":93,"recovered":611,"critical":0,"tested":11925,"death_ratio":0.03434268833087149,"recovery_ratio":0.22562776957163957,"change":{"total_cases":22,"active_cases":9,"deaths":3,"recovered":10,"death_ratio":0.0008356146153093158,"recovery_ratio":0.001874977315496601}},"uganda":{"name":"Uganda","iso3166a2":"UG","iso3166a3":"UGA","iso3166numeric":"","total_cases":2524,"active_cases":1230,"deaths":26,"recovered":1268,"critical":0,"tested":359289,"death_ratio":0.010301109350237718,"recovery_ratio":0.5023771790808241,"change":{"total_cases":98,"active_cases":96,"deaths":1,"recovered":1,"death_ratio":-3.919503843072963e-6,"recovery_ratio":-0.019881683243990422}},"south_sudan":{"name":"South Sudan","iso3166a2":"SS","iso3166a3":"SSD","iso3166numeric":"","total_cases":2510,"active_cases":1173,"deaths":47,"recovered":1290,"critical":0,"tested":12044,"death_ratio":0.018725099601593624,"recovery_ratio":0.5139442231075697,"change":{"total_cases":3,"active_cases":3,"deaths":0,"recovered":0,"death_ratio":-2.2407378861104277e-5,"recovery_ratio":-0.0006150110368259298}},"syria":{"name":"Syria","iso3166a2":"SY","iso3166a3":"SYR","iso3166numeric":"","total_cases":2365,"active_cases":1737,"deaths":95,"recovered":533,"critical":0,"tested":0,"death_ratio":0.040169133192389,"recovery_ratio":0.22536997885835094,"change":{"total_cases":72,"active_cases":55,"deaths":3,"recovered":14,"death_ratio":4.702242047448235e-5,"recovery_ratio":-0.0009710590832103239}},"estonia":{"name":"Estonia","iso3166a2":"EE","iso3166a3":"EST","iso3166numeric":"","total_cases":2311,"active_cases":193,"deaths":64,"recovered":2054,"critical":0,"tested":143498,"death_ratio":0.027693639117265252,"recovery_ratio":0.8887927304197317,"change":{"total_cases":17,"active_cases":1,"deaths":0,"recovered":16,"death_ratio":-0.00020522749127877687,"recovery_ratio":0.00038819685390778513}},"angola":{"name":"Angola","iso3166a2":"AO","iso3166a3":"AGO","iso3166numeric":"","total_cases":2283,"active_cases":1204,"deaths":102,"recovered":977,"critical":24,"tested":64747,"death_ratio":0.04467805519053877,"recovery_ratio":0.42794568550153306,"change":{"total_cases":61,"active_cases":-41,"deaths":2,"recovered":100,"death_ratio":-0.00032644525950623754,"recovery_ratio":0.03325621655463834}},"guinea_bissau":{"name":"Guinea-bissau","iso3166a2":"GW","iso3166a3":"GNB","iso3166numeric":"","total_cases":2149,"active_cases":1101,"deaths":33,"recovered":1015,"critical":5,"tested":1500,"death_ratio":0.015355979525360632,"recovery_ratio":0.4723127035830619,"change":{"total_cases":0,"active_cases":0,"deaths":0,"recovered":0,"death_ratio":0,"recovery_ratio":0}},"benin":{"name":"Benin","iso3166a2":"BJ","iso3166a3":"BEN","iso3166numeric":"","total_cases":2115,"active_cases":371,"deaths":39,"recovered":1705,"critical":0,"tested":107057,"death_ratio":0.018439716312056736,"recovery_ratio":0.806146572104019,"change":{"total_cases":0,"active_cases":0,"deaths":0,"recovered":0,"death_ratio":0,"recovery_ratio":0}},"iceland":{"name":"Iceland","iso3166a2":"IS","iso3166a3":"ISL","iso3166numeric":"","total_cases":2082,"active_cases":115,"deaths":10,"recovered":1957,"critical":0,"tested":205935,"death_ratio":0.004803073967339097,"recovery_ratio":0.9399615754082613,"change":{"total_cases":5,"active_cases":1,"deaths":0,"recovered":4,"death_ratio":-1.1562527605534466e-5,"recovery_ratio":-0.0003369320544253096}},"sierra_leone":{"name":"Sierra Leone","iso3166a2":"SL","iso3166a3":"SLE","iso3166numeric":"","total_cases":2003,"active_cases":357,"deaths":69,"recovered":1577,"critical":0,"tested":0,"death_ratio":0.034448327508736894,"recovery_ratio":0.7873190214677983,"change":{"total_cases":6,"active_cases":-14,"deaths":0,"recovered":20,"death_ratio":-0.00010350023287552385,"recovery_ratio":0.0076495172114137144}},"yemen":{"name":"Yemen","iso3166a2":"YE","iso3166a3":"YEM","iso3166numeric":"","total_cases":1924,"active_cases":276,"deaths":557,"recovered":1091,"critical":0,"tested":120,"death_ratio":0.2895010395010395,"recovery_ratio":0.567047817047817,"change":{"total_cases":8,"active_cases":5,"deaths":2,"recovered":1,"death_ratio":-0.0001649312714031015,"recovery_ratio":-0.001845711135899042}},"bahamas":{"name":"Bahamas","iso3166a2":"BS","iso3166a3":"BHS","iso3166numeric":"","total_cases":1813,"active_cases":1131,"deaths":48,"recovered":634,"critical":83,"tested":10192,"death_ratio":0.026475455046883617,"recovery_ratio":0.3496966354109211,"change":{"total_cases":15,"active_cases":13,"deaths":2,"recovered":0,"death_ratio":0.0008914728444364521,"recovery_ratio":-0.0029173801619375994}},"jordan":{"name":"Jordan","iso3166a2":"JO","iso3166a3":"JOR","iso3166numeric":"","total_cases":1756,"active_cases":386,"deaths":15,"recovered":1355,"critical":3,"tested":777222,"death_ratio":0.008542141230068337,"recovery_ratio":0.7716400911161732,"change":{"total_cases":40,"active_cases":28,"deaths":1,"recovered":11,"death_ratio":0.0003836330715601792,"recovery_ratio":-0.011576692100610075}},"malta":{"name":"Malta","iso3166a2":"MT","iso3166a3":"MLT","iso3166numeric":"","total_cases":1751,"active_cases":664,"deaths":10,"recovered":1077,"critical":0,"tested":179703,"death_ratio":0.0057110222729868645,"recovery_ratio":0.6150770988006853,"change":{"total_cases":46,"active_cases":-2,"deaths":0,"recovered":48,"death_ratio":-0.00015408036630932317,"recovery_ratio":0.011558037217107575}},"jamaica":{"name":"Jamaica","iso3166a2":"JM","iso3166a3":"JAM","iso3166numeric":"","total_cases":1732,"active_cases":873,"deaths":19,"recovered":840,"critical":3,"tested":54658,"death_ratio":0.010969976905311778,"recovery_ratio":0.48498845265588914,"change":{"total_cases":120,"active_cases":96,"deaths":3,"recovered":21,"death_ratio":0.0010444185926566912,"recovery_ratio":-0.023076063473143116}},"new_zealand":{"name":"New Zealand","iso3166a2":"NZ","iso3166a3":"NZL","iso3166numeric":"","total_cases":1695,"active_cases":134,"deaths":22,"recovered":1539,"critical":10,"tested":710063,"death_ratio":0.012979351032448377,"recovery_ratio":0.9079646017699115,"change":{"total_cases":5,"active_cases":5,"deaths":0,"recovered":0,"death_ratio":-3.840044684156295e-5,"recovery_ratio":-0.002686285804053057}},"aruba":{"name":"Aruba","iso3166a2":"AW","iso3166a3":"ABW","iso3166numeric":"","total_cases":1670,"active_cases":1097,"deaths":8,"recovered":565,"critical":7,"tested":19604,"death_ratio":0.004790419161676647,"recovery_ratio":0.3383233532934132,"change":{"total_cases":0,"active_cases":0,"deaths":0,"recovered":0,"death_ratio":0,"recovery_ratio":0}},"botswana":{"name":"Botswana","iso3166a2":"BW","iso3166a3":"BWA","iso3166numeric":"","total_cases":1562,"active_cases":1360,"deaths":3,"recovered":199,"critical":1,"tested":106284,"death_ratio":0.0019206145966709346,"recovery_ratio":0.12740076824583868,"change":{"total_cases":0,"active_cases":0,"deaths":0,"recovered":0,"death_ratio":0,"recovery_ratio":0}},"uruguay":{"name":"Uruguay","iso3166a2":"UY","iso3166a3":"URY","iso3166numeric":"","total_cases":1536,"active_cases":184,"deaths":43,"recovered":1309,"critical":4,"tested":163129,"death_ratio":0.027994791666666668,"recovery_ratio":0.8522135416666666,"change":{"total_cases":3,"active_cases":-12,"deaths":1,"recovered":14,"death_ratio":0.0005975313926940666,"recovery_ratio":0.0074646832191780366}},"cyprus":{"name":"Cyprus","iso3166a2":"CY","iso3166a3":"CYP","iso3166numeric":"","total_cases":1484,"active_cases":529,"deaths":20,"recovered":935,"critical":5,"tested":286736,"death_ratio":0.013477088948787063,"recovery_ratio":0.6300539083557951,"change":{"total_cases":33,"active_cases":-24,"deaths":0,"recovered":57,"death_ratio":-0.00030650857016538413,"recovery_ratio":0.02495397727378268}},"trinidad_and_tobago":{"name":"Trinidad and Tobago","iso3166a2":"TT","iso3166a3":"TTO","iso3166numeric":"","total_cases":1384,"active_cases":1177,"deaths":15,"recovered":192,"critical":6,"tested":20756,"death_ratio":0.01083815028901734,"recovery_ratio":0.13872832369942195,"change":{"total_cases":200,"active_cases":186,"deaths":0,"recovered":14,"death_ratio":-0.0018307686299015788,"recovery_ratio":-0.011609514138415877}},"reunion":{"name":"R\u00e9union","iso3166a2":"RE","iso3166a3":"REU","iso3166numeric":"","total_cases":1372,"active_cases":674,"deaths":6,"recovered":692,"critical":3,"tested":35419,"death_ratio":0.004373177842565598,"recovery_ratio":0.5043731778425656,"change":{"total_cases":80,"active_cases":80,"deaths":0,"recovered":0,"death_ratio":-0.00027078500573161565,"recovery_ratio":-0.03123053732771297}},"latvia":{"name":"Latvia","iso3166a2":"LV","iso3166a3":"LVA","iso3166numeric":"","total_cases":1360,"active_cases":192,"deaths":33,"recovered":1135,"critical":0,"tested":242823,"death_ratio":0.02426470588235294,"recovery_ratio":0.8345588235294118,"change":{"total_cases":18,"active_cases":18,"deaths":0,"recovered":0,"death_ratio":-0.00032545805207328735,"recovery_ratio":-0.011193784518278238}},"burkina_faso":{"name":"Burkina Faso","iso3166a2":"BF","iso3166a3":"BFA","iso3166numeric":"","total_cases":1352,"active_cases":239,"deaths":55,"recovered":1058,"critical":0,"tested":0,"death_ratio":0.040680473372781065,"recovery_ratio":0.7825443786982249,"change":{"total_cases":14,"active_cases":6,"deaths":0,"recovered":8,"death_ratio":-0.00042565517729367675,"recovery_ratio":-0.002208984530474689}},"togo":{"name":"Togo","iso3166a2":"TG","iso3166a3":"TGO","iso3166numeric":"","total_cases":1309,"active_cases":363,"deaths":27,"recovered":919,"critical":2,"tested":60343,"death_ratio":0.020626432391138275,"recovery_ratio":0.7020626432391138,"change":{"total_cases":14,"active_cases":9,"deaths":0,"recovered":5,"death_ratio":-0.00022298845828257544,"recovery_ratio":-0.0037288625523920205}},"liberia":{"name":"Liberia","iso3166a2":"LR","iso3166a3":"LBR","iso3166numeric":"","total_cases":1298,"active_cases":384,"deaths":82,"recovered":832,"critical":0,"tested":0,"death_ratio":0.06317411402157165,"recovery_ratio":0.6409861325115562,"change":{"total_cases":3,"active_cases":-8,"deaths":0,"recovered":11,"death_ratio":-0.00014634929889166537,"recovery_ratio":0.007009298534722208}},"niger":{"name":"Niger","iso3166a2":"NE","iso3166a3":"NER","iso3166numeric":"","total_cases":1173,"active_cases":20,"deaths":69,"recovered":1084,"critical":0,"tested":9052,"death_ratio":0.058823529411764705,"recovery_ratio":0.9241261722080136,"change":{"total_cases":1,"active_cases":1,"deaths":0,"recovered":0,"death_ratio":-5.019072475406783e-5,"recovery_ratio":-0.0007885035599044521}},"andorra":{"name":"Andorra","iso3166a2":"AD","iso3166a3":"AND","iso3166numeric":"","total_cases":1098,"active_cases":152,"deaths":53,"recovered":893,"critical":3,"tested":137457,"death_ratio":0.0482695810564663,"recovery_ratio":0.8132969034608379,"change":{"total_cases":38,"active_cases":22,"deaths":0,"recovered":16,"death_ratio":-0.0017304189435337,"recovery_ratio":-0.01406158710519978}},"guyana":{"name":"Guyana","iso3166a2":"GY","iso3166a3":"GUY","iso3166numeric":"","total_cases":1060,"active_cases":506,"deaths":31,"recovered":523,"critical":8,"tested":7373,"death_ratio":0.029245283018867925,"recovery_ratio":0.49339622641509434,"change":{"total_cases":31,"active_cases":18,"deaths":0,"recovered":13,"death_ratio":-0.0008810532299173036,"recovery_ratio":-0.00223059574234008}},"lesotho":{"name":"Lesotho","iso3166a2":"","iso3166a3":"","iso3166numeric":"","total_cases":1049,"active_cases":547,"deaths":30,"recovered":472,"critical":0,"tested":13330,"death_ratio":0.028598665395614873,"recovery_ratio":0.449952335557674,"change":{"total_cases":0,"active_cases":0,"deaths":0,"recovered":0,"death_ratio":0,"recovery_ratio":0}},"vietnam":{"name":"Vietnam","iso3166a2":"VN","iso3166a3":"VNM","iso3166numeric":"","total_cases":1034,"active_cases":373,"deaths":29,"recovered":632,"critical":0,"tested":1009145,"death_ratio":0.02804642166344294,"recovery_ratio":0.6112185686653772,"change":{"total_cases":5,"active_cases":-37,"deaths":2,"recovered":40,"death_ratio":0.0018073546080493545,"recovery_ratio":0.0359027280434141}},"chad":{"name":"Chad","iso3166a2":"TD","iso3166a3":"TCD","iso3166numeric":"","total_cases":995,"active_cases":47,"deaths":77,"recovered":871,"critical":0,"tested":0,"death_ratio":0.07738693467336684,"recovery_ratio":0.8753768844221106,"change":{"total_cases":0,"active_cases":0,"deaths":0,"recovered":0,"death_ratio":0,"recovery_ratio":0}},"guadeloupe":{"name":"Guadeloupe","iso3166a2":"GP","iso3166a3":"GLP","iso3166numeric":"","total_cases":935,"active_cases":631,"deaths":15,"recovered":289,"critical":6,"tested":27868,"death_ratio":0.016042780748663103,"recovery_ratio":0.3090909090909091,"change":{"total_cases":164,"active_cases":164,"deaths":0,"recovered":0,"death_ratio":-0.0034124721696248347,"recovery_ratio":-0.06574696380143852}},"sao_tome_and_principe":{"name":"Sao Tome and Principe","iso3166a2":"ST","iso3166a3":"STP","iso3166numeric":"","total_cases":892,"active_cases":44,"deaths":15,"recovered":833,"critical":0,"tested":3546,"death_ratio":0.016816143497757848,"recovery_ratio":0.9338565022421524,"change":{"total_cases":0,"active_cases":-1,"deaths":0,"recovered":1,"death_ratio":0,"recovery_ratio":0.0011210762331838042}},"belize":{"name":"Belize","iso3166a2":"BZ","iso3166a3":"BLZ","iso3166numeric":"","total_cases":760,"active_cases":695,"deaths":11,"recovered":54,"critical":8,"tested":7034,"death_ratio":0.014473684210526316,"recovery_ratio":0.07105263157894737,"change":{"total_cases":30,"active_cases":23,"deaths":1,"recovered":6,"death_ratio":0.0007750540735400151,"recovery_ratio":0.005299206921413127}},"diamond_princess":{"name":"Diamond Princess","iso3166a2":"","iso3166a3":"","iso3166numeric":"","total_cases":712,"active_cases":48,"deaths":13,"recovered":651,"critical":4,"tested":0,"death_ratio":0.018258426966292134,"recovery_ratio":0.9143258426966292,"change":{"total_cases":0,"active_cases":0,"deaths":0,"recovered":0,"death_ratio":0,"recovery_ratio":0}},"san_marino":{"name":"San Marino","iso3166a2":"SM","iso3166a3":"SMR","iso3166numeric":"","total_cases":710,"active_cases":10,"deaths":42,"recovered":658,"critical":0,"tested":6678,"death_ratio":0.059154929577464786,"recovery_ratio":0.9267605633802817,"change":{"total_cases":0,"active_cases":0,"deaths":0,"recovered":0,"death_ratio":0,"recovery_ratio":0}},"channel_islands":{"name":"Channel islands","iso3166a2":"GB-CHA","iso3166a3":"GBR-CHA","iso3166numeric":"","total_cases":623,"active_cases":30,"deaths":48,"recovered":545,"critical":0,"tested":68985,"death_ratio":0.07704654895666131,"recovery_ratio":0.8747993579454254,"change":{"total_cases":3,"active_cases":3,"deaths":0,"recovered":0,"death_ratio":-0.00037280588204836873,"recovery_ratio":-0.004232900119090721}},"burma":{"name":"Burma","iso3166a2":"MM","iso3166a3":"MMR","iso3166numeric":"","total_cases":580,"active_cases":229,"deaths":6,"recovered":345,"critical":0,"tested":0,"death_ratio":0.010344827586206896,"recovery_ratio":0.5948275862068966,"change":{"total_cases":76,"active_cases":72,"deaths":0,"recovered":4,"death_ratio":-0.0015599343185550077,"recovery_ratio":-0.08175971538040505}},"myanmar":{"name":"Myanmar","iso3166a2":"MM","iso3166a3":"MMR","iso3166numeric":"","total_cases":580,"active_cases":229,"deaths":6,"recovered":345,"critical":0,"tested":149861,"death_ratio":0.010344827586206896,"recovery_ratio":0.5948275862068966,"change":{"total_cases":76,"active_cases":72,"deaths":0,"recovered":4,"death_ratio":-0.0015599343185550077,"recovery_ratio":-0.08175971538040505}},"tanzania":{"name":"Tanzania","iso3166a2":"TZ","iso3166a3":"TZA","iso3166numeric":"","total_cases":509,"active_cases":305,"deaths":21,"recovered":183,"critical":7,"tested":0,"death_ratio":0.0412573673870334,"recovery_ratio":0.35952848722986247,"change":{"total_cases":0,"active_cases":0,"deaths":0,"recovered":0,"death_ratio":0,"recovery_ratio":0}},"taiwan":{"name":"Taiwan","iso3166a2":"TW","iso3166a3":"TWN","iso3166numeric":"","total_cases":487,"active_cases":18,"deaths":7,"recovered":462,"critical":0,"tested":86419,"death_ratio":0.014373716632443531,"recovery_ratio":0.9486652977412731,"change":{"total_cases":0,"active_cases":-5,"deaths":0,"recovered":5,"death_ratio":0,"recovery_ratio":0.010266940451745366}},"martinique":{"name":"Martinique","iso3166a2":"MQ","iso3166a3":"MTQ","iso3166numeric":"","total_cases":464,"active_cases":350,"deaths":16,"recovered":98,"critical":2,"tested":12227,"death_ratio":0.034482758620689655,"recovery_ratio":0.21120689655172414,"change":{"total_cases":0,"active_cases":0,"deaths":0,"recovered":0,"death_ratio":0,"recovery_ratio":0}},"turks_and_caicos":{"name":"Turks and Caicos","iso3166a2":"TC","iso3166a3":"TCA","iso3166numeric":"","total_cases":431,"active_cases":327,"deaths":2,"recovered":102,"critical":3,"tested":2160,"death_ratio":0.004640371229698376,"recovery_ratio":0.23665893271461716,"change":{"total_cases":48,"active_cases":48,"deaths":0,"recovered":0,"death_ratio":-0.0005815608851841309,"recovery_ratio":-0.02965960514439067}},"burundi":{"name":"Burundi","iso3166a2":"BI","iso3166a3":"BDI","iso3166numeric":"","total_cases":430,"active_cases":84,"deaths":1,"recovered":345,"critical":0,"tested":22093,"death_ratio":0.002325581395348837,"recovery_ratio":0.8023255813953488,"change":{"total_cases":0,"active_cases":0,"deaths":0,"recovered":0,"death_ratio":0,"recovery_ratio":0}},"papua_new_guinea":{"name":"Papua New Guinea","iso3166a2":"PG","iso3166a3":"PNG","iso3166numeric":"","total_cases":419,"active_cases":183,"deaths":4,"recovered":232,"critical":0,"tested":14676,"death_ratio":0.00954653937947494,"recovery_ratio":0.5536992840095465,"change":{"total_cases":0,"active_cases":0,"deaths":0,"recovered":0,"death_ratio":0,"recovery_ratio":0}},"sint_maarten":{"name":"Sint Maarten","iso3166a2":"SX","iso3166a3":"SXM","iso3166numeric":"","total_cases":418,"active_cases":253,"deaths":17,"recovered":148,"critical":8,"tested":2205,"death_ratio":0.04066985645933014,"recovery_ratio":0.35406698564593303,"change":{"total_cases":10,"active_cases":9,"deaths":0,"recovered":1,"death_ratio":-0.0009968102073365237,"recovery_ratio":-0.00622713200112579}},"comoros":{"name":"Comoros","iso3166a2":"KM","iso3166a3":"COM","iso3166numeric":"","total_cases":417,"active_cases":11,"deaths":7,"recovered":399,"critical":0,"tested":0,"death_ratio":0.016786570743405275,"recovery_ratio":0.9568345323741008,"change":{"total_cases":0,"active_cases":-3,"deaths":0,"recovered":3,"death_ratio":0,"recovery_ratio":0.007194244604316613}},"faeroe_islands":{"name":"Faeroe islands","iso3166a2":"FO","iso3166a3":"FRO","iso3166numeric":"","total_cases":411,"active_cases":54,"deaths":0,"recovered":357,"critical":2,"tested":89790,"death_ratio":0,"recovery_ratio":0.8686131386861314,"change":{"total_cases":0,"active_cases":-13,"deaths":0,"recovered":13,"death_ratio":0,"recovery_ratio":0.031630170316301776}},"french_polynesia":{"name":"French Polynesia","iso3166a2":"PF","iso3166a3":"PYF","iso3166numeric":"","total_cases":372,"active_cases":224,"deaths":0,"recovered":148,"critical":2,"tested":9912,"death_ratio":0,"recovery_ratio":0.3978494623655914,"change":{"total_cases":0,"active_cases":0,"deaths":0,"recovered":0,"death_ratio":0,"recovery_ratio":0}},"mauritius":{"name":"Mauritius","iso3166a2":"MU","iso3166a3":"MUS","iso3166numeric":"","total_cases":348,"active_cases":3,"deaths":10,"recovered":335,"critical":0,"tested":205285,"death_ratio":0.028735632183908046,"recovery_ratio":0.9626436781609196,"change":{"total_cases":1,"active_cases":1,"deaths":0,"recovered":0,"death_ratio":-8.281162012653553e-5,"recovery_ratio":-0.002774189274238892}},"isle_of_man":{"name":"Isle of man","iso3166a2":"IM","iso3166a3":"IMN","iso3166numeric":"","total_cases":336,"active_cases":0,"deaths":24,"recovered":312,"critical":0,"tested":9722,"death_ratio":0.07142857142857142,"recovery_ratio":0.9285714285714286,"change":{"total_cases":0,"active_cases":0,"deaths":0,"recovered":0,"death_ratio":0,"recovery_ratio":0}},"eritrea":{"name":"Eritrea","iso3166a2":"ER","iso3166a3":"ERI","iso3166numeric":"","total_cases":315,"active_cases":39,"deaths":0,"recovered":276,"critical":0,"tested":0,"death_ratio":0,"recovery_ratio":0.8761904761904762,"change":{"total_cases":0,"active_cases":0,"deaths":0,"recovered":0,"death_ratio":0,"recovery_ratio":0}},"mongolia":{"name":"Mongolia","iso3166a2":"MN","iso3166a3":"MNG","iso3166numeric":"","total_cases":300,"active_cases":11,"deaths":0,"recovered":289,"critical":1,"tested":51103,"death_ratio":0,"recovery_ratio":0.9633333333333334,"change":{"total_cases":2,"active_cases":2,"deaths":0,"recovered":0,"death_ratio":0,"recovery_ratio":-0.006465324384787419}},"cambodia":{"name":"Cambodia","iso3166a2":"KH","iso3166a3":"KHM","iso3166numeric":"","total_cases":273,"active_cases":9,"deaths":0,"recovered":264,"critical":1,"tested":91159,"death_ratio":0,"recovery_ratio":0.967032967032967,"change":{"total_cases":0,"active_cases":-1,"deaths":0,"recovered":1,"death_ratio":0,"recovery_ratio":0.00366300366300365}},"gibraltar":{"name":"Gibraltar","iso3166a2":"GI","iso3166a3":"GIB","iso3166numeric":"","total_cases":270,"active_cases":67,"deaths":0,"recovered":203,"critical":0,"tested":31747,"death_ratio":0,"recovery_ratio":0.7518518518518519,"change":{"total_cases":14,"active_cases":14,"deaths":0,"recovered":0,"death_ratio":0,"recovery_ratio":-0.04111689814814812}},"cayman_islands":{"name":"Cayman islands","iso3166a2":"KY","iso3166a3":"CYM","iso3166numeric":"","total_cases":205,"active_cases":2,"deaths":1,"recovered":202,"critical":0,"tested":34688,"death_ratio":0.004878048780487805,"recovery_ratio":0.9853658536585366,"change":{"total_cases":0,"active_cases":0,"deaths":0,"recovered":0,"death_ratio":0,"recovery_ratio":0}},"saint_martin":{"name":"Saint Martin","iso3166a2":"MF","iso3166a3":"MAF","iso3166numeric":"","total_cases":198,"active_cases":141,"deaths":5,"recovered":52,"critical":11,"tested":2756,"death_ratio":0.025252525252525252,"recovery_ratio":0.26262626262626265,"change":{"total_cases":22,"active_cases":22,"deaths":0,"recovered":0,"death_ratio":-0.003156565656565656,"recovery_ratio":-0.03282828282828282}},"bhutan":{"name":"Bhutan","iso3166a2":"BT","iso3166a3":"BTN","iso3166numeric":"","total_cases":173,"active_cases":55,"deaths":0,"recovered":118,"critical":0,"tested":90559,"death_ratio":0,"recovery_ratio":0.6820809248554913,"change":{"total_cases":17,"active_cases":16,"deaths":0,"recovered":1,"death_ratio":0,"recovery_ratio":-0.06791907514450868}},"bermuda":{"name":"Bermuda","iso3166a2":"BM","iso3166a3":"BMU","iso3166numeric":"","total_cases":168,"active_cases":8,"deaths":9,"recovered":151,"critical":0,"tested":40157,"death_ratio":0.05357142857142857,"recovery_ratio":0.8988095238095238,"change":{"total_cases":0,"active_cases":-1,"deaths":0,"recovered":1,"death_ratio":0,"recovery_ratio":0.005952380952380931}},"barbados":{"name":"Barbados","iso3166a2":"BB","iso3166a3":"BRB","iso3166numeric":"","total_cases":164,"active_cases":25,"deaths":7,"recovered":132,"critical":0,"tested":15990,"death_ratio":0.042682926829268296,"recovery_ratio":0.8048780487804879,"change":{"total_cases":3,"active_cases":3,"deaths":0,"recovered":0,"death_ratio":-0.0007953340402969203,"recovery_ratio":-0.014997727617027667}},"monaco":{"name":"Monaco","iso3166a2":"MC","iso3166a3":"MCO","iso3166numeric":"","total_cases":154,"active_cases":34,"deaths":4,"recovered":116,"critical":1,"tested":51953,"death_ratio":0.025974025974025976,"recovery_ratio":0.7532467532467533,"change":{"total_cases":0,"active_cases":0,"deaths":0,"recovered":0,"death_ratio":0,"recovery_ratio":0}},"brunei":{"name":"Brunei","iso3166a2":"BN","iso3166a3":"BRN","iso3166numeric":"","total_cases":144,"active_cases":2,"deaths":3,"recovered":139,"critical":0,"tested":49856,"death_ratio":0.020833333333333332,"recovery_ratio":0.9652777777777778,"change":{"total_cases":0,"active_cases":0,"deaths":0,"recovered":0,"death_ratio":0,"recovery_ratio":0}},"seychelles":{"name":"Seychelles","iso3166a2":"SC","iso3166a3":"SYC","iso3166numeric":"","total_cases":136,"active_cases":9,"deaths":0,"recovered":127,"critical":0,"tested":0,"death_ratio":0,"recovery_ratio":0.9338235294117647,"change":{"total_cases":0,"active_cases":0,"deaths":0,"recovered":0,"death_ratio":0,"recovery_ratio":0}},"liechtenstein":{"name":"Liechtenstein","iso3166a2":"LI","iso3166a3":"LIE","iso3166numeric":"","total_cases":102,"active_cases":7,"deaths":1,"recovered":94,"critical":0,"tested":900,"death_ratio":0.00980392156862745,"recovery_ratio":0.9215686274509803,"change":{"total_cases":0,"active_cases":0,"deaths":0,"recovered":0,"death_ratio":0,"recovery_ratio":0}},"antigua_and_barbuda":{"name":"Antigua and Barbuda","iso3166a2":"AG","iso3166a3":"ATG","iso3166numeric":"","total_cases":94,"active_cases":2,"deaths":3,"recovered":89,"critical":1,"tested":1775,"death_ratio":0.031914893617021274,"recovery_ratio":0.9468085106382979,"change":{"total_cases":0,"active_cases":0,"deaths":0,"recovered":0,"death_ratio":0,"recovery_ratio":0}},"saint_vincent_and_the_grenadines":{"name":"Saint Vincent and The Grenadines","iso3166a2":"VC","iso3166a3":"VCT","iso3166numeric":"","total_cases":58,"active_cases":1,"deaths":0,"recovered":57,"critical":0,"tested":0,"death_ratio":0,"recovery_ratio":0.9827586206896551,"change":{"total_cases":0,"active_cases":-1,"deaths":0,"recovered":1,"death_ratio":0,"recovery_ratio":0.01724137931034475}},"st_vincent_grenadines":{"name":"St. Vincent Grenadines","iso3166a2":"VC","iso3166a3":"VCT","iso3166numeric":"","total_cases":58,"active_cases":1,"deaths":0,"recovered":57,"critical":0,"tested":3214,"death_ratio":0,"recovery_ratio":0.9827586206896551,"change":{"total_cases":0,"active_cases":-1,"deaths":0,"recovered":1,"death_ratio":0,"recovery_ratio":0.01724137931034475}},"curacao":{"name":"Cura\u00e7ao","iso3166a2":"CW","iso3166a3":"CUW","iso3166numeric":"","total_cases":49,"active_cases":14,"deaths":1,"recovered":34,"critical":0,"tested":1080,"death_ratio":0.02040816326530612,"recovery_ratio":0.6938775510204082,"change":{"total_cases":2,"active_cases":2,"deaths":0,"recovered":0,"death_ratio":-0.0008684324793747297,"recovery_ratio":-0.029526704298740825}},"macao":{"name":"Macao","iso3166a2":"MO","iso3166a3":"MAC","iso3166numeric":"","total_cases":46,"active_cases":0,"deaths":0,"recovered":46,"critical":0,"tested":4071,"death_ratio":0,"recovery_ratio":1,"change":{"total_cases":0,"active_cases":0,"deaths":0,"recovered":0,"death_ratio":0,"recovery_ratio":0}},"fiji":{"name":"Fiji","iso3166a2":"FJ","iso3166a3":"FJI","iso3166numeric":"","total_cases":28,"active_cases":4,"deaths":1,"recovered":23,"critical":0,"tested":6693,"death_ratio":0.03571428571428571,"recovery_ratio":0.8214285714285714,"change":{"total_cases":0,"active_cases":0,"deaths":0,"recovered":0,"death_ratio":0,"recovery_ratio":0}},"timor_leste":{"name":"Timor-leste","iso3166a2":"TL","iso3166a3":"TLS","iso3166numeric":"","total_cases":26,"active_cases":1,"deaths":0,"recovered":25,"critical":0,"tested":5146,"death_ratio":0,"recovery_ratio":0.9615384615384616,"change":{"total_cases":0,"active_cases":0,"deaths":0,"recovered":0,"death_ratio":0,"recovery_ratio":0}},"saint_lucia":{"name":"Saint Lucia","iso3166a2":"LC","iso3166a3":"LCA","iso3166numeric":"","total_cases":26,"active_cases":1,"deaths":0,"recovered":25,"critical":0,"tested":4946,"death_ratio":0,"recovery_ratio":0.9615384615384616,"change":{"total_cases":0,"active_cases":0,"deaths":0,"recovered":0,"death_ratio":0,"recovery_ratio":0}},"british_virgin_islands":{"name":"British Virgin islands","iso3166a2":"VN","iso3166a3":"VNM","iso3166numeric":"","total_cases":26,"active_cases":17,"deaths":1,"recovered":8,"critical":0,"tested":2092,"death_ratio":0.038461538461538464,"recovery_ratio":0.3076923076923077,"change":{"total_cases":0,"active_cases":0,"deaths":0,"recovered":0,"death_ratio":0,"recovery_ratio":0}},"grenada":{"name":"Grenada","iso3166a2":"GD","iso3166a3":"GRD","iso3166numeric":"","total_cases":24,"active_cases":0,"deaths":0,"recovered":24,"critical":0,"tested":6252,"death_ratio":0,"recovery_ratio":1,"change":{"total_cases":0,"active_cases":0,"deaths":0,"recovered":0,"death_ratio":0,"recovery_ratio":0}},"new_caledonia":{"name":"New Caledonia","iso3166a2":"NC","iso3166a3":"NCL","iso3166numeric":"","total_cases":23,"active_cases":0,"deaths":0,"recovered":23,"critical":0,"tested":12370,"death_ratio":0,"recovery_ratio":1,"change":{"total_cases":0,"active_cases":0,"deaths":0,"recovered":0,"death_ratio":0,"recovery_ratio":0}},"laos":{"name":"Laos","iso3166a2":"LA","iso3166a3":"LAO","iso3166numeric":"","total_cases":22,"active_cases":1,"deaths":0,"recovered":21,"critical":0,"tested":37450,"death_ratio":0,"recovery_ratio":0.9545454545454546,"change":{"total_cases":0,"active_cases":0,"deaths":0,"recovered":0,"death_ratio":0,"recovery_ratio":0}},"dominica":{"name":"Dominica","iso3166a2":"DM","iso3166a3":"DMA","iso3166numeric":"","total_cases":20,"active_cases":2,"deaths":0,"recovered":18,"critical":0,"tested":2022,"death_ratio":0,"recovery_ratio":0.9,"change":{"total_cases":0,"active_cases":0,"deaths":0,"recovered":0,"death_ratio":0,"recovery_ratio":0}},"saint_kitts_and_nevis":{"name":"Saint Kitts and Nevis","iso3166a2":"KN","iso3166a3":"KNA","iso3166numeric":"","total_cases":17,"active_cases":0,"deaths":0,"recovered":17,"critical":0,"tested":1430,"death_ratio":0,"recovery_ratio":1,"change":{"total_cases":0,"active_cases":0,"deaths":0,"recovered":0,"death_ratio":0,"recovery_ratio":0}},"st_barth":{"name":"St. Barth","iso3166a2":"BL","iso3166a3":"BLM","iso3166numeric":"","total_cases":17,"active_cases":8,"deaths":0,"recovered":9,"critical":0,"tested":2075,"death_ratio":0,"recovery_ratio":0.5294117647058824,"change":{"total_cases":1,"active_cases":1,"deaths":0,"recovered":0,"death_ratio":0,"recovery_ratio":-0.03308823529411764}},"greenland":{"name":"Greenland","iso3166a2":"GL","iso3166a3":"GRL","iso3166numeric":"","total_cases":14,"active_cases":0,"deaths":0,"recovered":14,"critical":0,"tested":6591,"death_ratio":0,"recovery_ratio":1,"change":{"total_cases":0,"active_cases":0,"deaths":0,"recovered":0,"death_ratio":0,"recovery_ratio":0}},"caribbean_netherlands":{"name":"Caribbean Netherlands","iso3166a2":"BQ","iso3166a3":"BES","iso3166numeric":"","total_cases":13,"active_cases":6,"deaths":0,"recovered":7,"critical":0,"tested":424,"death_ratio":0,"recovery_ratio":0.5384615384615384,"change":{"total_cases":0,"active_cases":0,"deaths":0,"recovered":0,"death_ratio":0,"recovery_ratio":0}},"falkland_islands":{"name":"Falkland islands","iso3166a2":"FK","iso3166a3":"FLK","iso3166numeric":"","total_cases":13,"active_cases":0,"deaths":0,"recovered":13,"critical":0,"tested":2256,"death_ratio":0,"recovery_ratio":1,"change":{"total_cases":0,"active_cases":0,"deaths":0,"recovered":0,"death_ratio":0,"recovery_ratio":0}},"montserrat":{"name":"Montserrat","iso3166a2":"MS","iso3166a3":"MSR","iso3166numeric":"","total_cases":13,"active_cases":0,"deaths":1,"recovered":12,"critical":0,"tested":61,"death_ratio":0.07692307692307693,"recovery_ratio":0.9230769230769231,"change":{"total_cases":0,"active_cases":0,"deaths":0,"recovered":0,"death_ratio":0,"recovery_ratio":0}},"vatican_city":{"name":"Vatican city","iso3166a2":"VA","iso3166a3":"VAT","iso3166numeric":"","total_cases":12,"active_cases":0,"deaths":0,"recovered":12,"critical":0,"tested":0,"death_ratio":0,"recovery_ratio":1,"change":{"total_cases":0,"active_cases":0,"deaths":0,"recovered":0,"death_ratio":0,"recovery_ratio":0}},"holy_see":{"name":"Holy see","iso3166a2":"VA","iso3166a3":"VAT","iso3166numeric":"","total_cases":12,"active_cases":0,"deaths":0,"recovered":12,"critical":0,"tested":0,"death_ratio":0,"recovery_ratio":1,"change":{"total_cases":0,"active_cases":0,"deaths":0,"recovered":0,"death_ratio":0,"recovery_ratio":0}},"western_sahara":{"name":"Western Sahara","iso3166a2":"EH","iso3166a3":"ESH","iso3166numeric":"","total_cases":10,"active_cases":1,"deaths":1,"recovered":8,"critical":0,"tested":0,"death_ratio":0.1,"recovery_ratio":0.8,"change":{"total_cases":0,"active_cases":0,"deaths":0,"recovered":0,"death_ratio":0,"recovery_ratio":0}},"ms_zaandam":{"name":"Ms Zaandam","iso3166a2":"","iso3166a3":"","iso3166numeric":"","total_cases":9,"active_cases":7,"deaths":2,"recovered":0,"critical":0,"tested":0,"death_ratio":0.2222222222222222,"recovery_ratio":0,"change":{"total_cases":0,"active_cases":0,"deaths":0,"recovered":0,"death_ratio":0,"recovery_ratio":0}},"saint_pierre_miquelon":{"name":"Saint Pierre Miquelon","iso3166a2":"PM","iso3166a3":"SPM","iso3166numeric":"","total_cases":5,"active_cases":4,"deaths":0,"recovered":1,"critical":0,"tested":0,"death_ratio":0,"recovery_ratio":0.2,"change":{"total_cases":0,"active_cases":0,"deaths":0,"recovered":0,"death_ratio":0,"recovery_ratio":0}},"anguilla":{"name":"Anguilla","iso3166a2":"AI","iso3166a3":"AIA","iso3166numeric":"","total_cases":3,"active_cases":0,"deaths":0,"recovered":3,"critical":0,"tested":662,"death_ratio":0,"recovery_ratio":1,"change":{"total_cases":0,"active_cases":0,"deaths":0,"recovered":0,"death_ratio":0,"recovery_ratio":0}}}}}
Status Expected: 200
Response Status: 200
Response Headers: Server=nginx
Content-Type=application/json
Transfer-Encoding=chunked
Connection=keep-alive
Vary=Accept-Encoding
Cache-Control=no-cache, private
Date=Thu, 27 Aug 2020 06:34:28 GMT
Access-Control-Allow-Origin=*
Access-Control-Allow-Methods=POST, GET, OPTIONS, PUT, DELETE
Access-Control-Allow-Credentials=true
Access-Control-Max-Age=86400
Access-Control-Allow-Headers=Content-Type, Authorization, X-Requested-With
X-RateLimit-Limit=60
X-RateLimit-Remaining=59
Strict-Transport-Security=max-age=31536000; includeSubdomains; preload
X-Frame-Options=SAMEORIGIN
X-Content-Type-Options=nosniff
X-XSS-Protection=1; mode=block
Content-Encoding=gzip
Response ContentType: application/json
Request method:	GET
Request URI:	https://api.quarantine.country/api/v1/spots/week?region=russia
Proxy:			<none>
Request params:	<none>
Query params:	region=russia
Form params:	<none>
Path params:	<none>
Headers:		Accept=*/*
Cookies:		<none>
Multiparts:		<none>
Body:			<none>
Body Response= {"status":200,"type":"stack","data":{"2020-08-27":{"total_cases":970865,"deaths":16683,"recovered":786150,"critical":2300,"tested":35100000,"death_ratio":0.017183645511991884,"recovery_ratio":0.8097418281635449},"2020-08-26":{"total_cases":970865,"deaths":16683,"recovered":786150,"critical":2300,"tested":35100000,"death_ratio":0.017183645511991884,"recovery_ratio":0.8097418281635449},"2020-08-25":{"total_cases":966189,"deaths":16568,"recovered":779747,"critical":2300,"tested":34800000,"death_ratio":0.017147783715194438,"recovery_ratio":0.8070336135062601},"2020-08-24":{"total_cases":961493,"deaths":16448,"recovered":773095,"critical":2300,"tested":34600000,"death_ratio":0.017106728806137953,"recovery_ratio":0.8040568158062513},"2020-08-23":{"total_cases":956749,"deaths":16383,"recovered":770639,"critical":2300,"tested":34447560,"death_ratio":0.017123613403306405,"recovery_ratio":0.8054766715199075},"2020-08-22":{"total_cases":951897,"deaths":16310,"recovered":767477,"critical":2300,"tested":33814105,"death_ratio":0.01713420674715857,"recovery_ratio":0.8062605512991426},"2020-08-21":{"total_cases":946976,"deaths":16189,"recovered":761330,"critical":2300,"tested":33800000,"death_ratio":0.017095470212550264,"recovery_ratio":0.8039591288480384},"2020-08-20":{"total_cases":942106,"deaths":16099,"recovered":755513,"critical":2300,"tested":33500000,"death_ratio":0.017088310657187196,"recovery_ratio":0.8019405459682881}}}
Response Status = 200
Response Headers = Server=nginx
Content-Type=application/json
Transfer-Encoding=chunked
Connection=keep-alive
Vary=Accept-Encoding
Cache-Control=no-cache, private
Date=Thu, 27 Aug 2020 06:34:30 GMT
Access-Control-Allow-Origin=*
Access-Control-Allow-Methods=POST, GET, OPTIONS, PUT, DELETE
Access-Control-Allow-Credentials=true
Access-Control-Max-Age=86400
Access-Control-Allow-Headers=Content-Type, Authorization, X-Requested-With
X-RateLimit-Limit=60
X-RateLimit-Remaining=58
Strict-Transport-Security=max-age=31536000; includeSubdomains; preload
X-Frame-Options=SAMEORIGIN
X-Content-Type-Options=nosniff
X-XSS-Protection=1; mode=block
Content-Encoding=gzip
Response ContentType = application/json
Request method:	GET
Request URI:	https://api.quarantine.country/api/v1/region
Proxy:			<none>
Request params:	<none>
Query params:	<none>
Form params:	<none>
Path params:	<none>
Headers:		Accept=application/json
Cookies:		<none>
Multiparts:		<none>
Body:			<none>
Body Response= {
    "message": ""
}
Response Status = 404
Response Headers = Server=nginx
Content-Type=application/json
Transfer-Encoding=chunked
Connection=keep-alive
Vary=Accept-Encoding
Cache-Control=no-cache, private
Date=Thu, 27 Aug 2020 06:34:31 GMT
Content-Encoding=gzip
Response ContentType = application/json
]]></system-out>
  <system-err><![CDATA[SLF4J: Failed to load class "org.slf4j.impl.StaticLoggerBinder".
SLF4J: Defaulting to no-operation (NOP) logger implementation
SLF4J: See http://www.slf4j.org/codes.html#StaticLoggerBinder for further details.
]]></system-err>
</testsuite>
